04:29:58.804 1837 WARN  org.hibernate.orm.deprecation - HHH90000025: MySQL8Dialect does not need to be specified explicitly using 'hibernate.dialect' (remove the property setting and it will be selected by default)
04:29:58.807 1840 WARN  org.hibernate.orm.deprecation - HHH90000026: MySQL8Dialect has been deprecated; use org.hibernate.dialect.MySQLDialect instead
04:29:59.712 2745 WARN  o.s.b.a.o.j.JpaBaseConfiguration$JpaWebConfiguration - spring.jpa.open-in-view is enabled by default. Therefore, database queries may be performed during view rendering. Explicitly configure spring.jpa.open-in-view to disable this warning
07:14:18.952 434  INFO  f.m.m.patient.Application - Starting Application using Java 21.0.1 with PID 243610 (/home/alexandrekerestes/Documents/MediLabo_Projet_9_Final/microservice.patient/target/classes started by alexandrekerestes in /home/alexandrekerestes/Documents/MediLabo_Projet_9_Final/microservice.patient)
07:14:18.953 435  INFO  f.m.m.patient.Application - No active profile set, falling back to 1 default profile: "default"
07:14:20.201 1683 WARN  org.hibernate.orm.deprecation - HHH90000025: MySQL8Dialect does not need to be specified explicitly using 'hibernate.dialect' (remove the property setting and it will be selected by default)
07:14:20.202 1684 WARN  org.hibernate.orm.deprecation - HHH90000026: MySQL8Dialect has been deprecated; use org.hibernate.dialect.MySQLDialect instead
07:14:21.095 2577 WARN  o.s.b.a.o.j.JpaBaseConfiguration$JpaWebConfiguration - spring.jpa.open-in-view is enabled by default. Therefore, database queries may be performed during view rendering. Explicitly configure spring.jpa.open-in-view to disable this warning
07:14:21.289 2771 INFO  f.m.m.patient.Application - Started Application in 2.552 seconds (process running for 2.885)
07:18:50.629 272111 INFO  f.m.m.p.c.PatientController - Call getAll - ip (127.0.0.1) - token (Bearer Bearer eyJhbGciOiJIUzI1NiIsInR5cCI6IkpXVCJ9.eyJpc3MiOiJNZWRpX0xhYm9fQXBwbGkiLCJpYXQiOjE3MTEwMDE5MzAsImV4cCI6MTcxMTAxNjMzMCwic3ViIjoidGVzdEBtYWlsLmNvbSIsIlJvbGUiOiJPUkdBTklTQVRFVVIifQ.XYxhh0b18HAFHEeRp4pAylni5o9GnIN4K-ovEbwtYNs)
07:18:50.629 272111 INFO  f.m.m.p.services.AdresseService - Call findAll - Patient Service
07:19:04.221 285703 INFO  f.m.m.p.c.PatientController - Call getAll - ip (127.0.0.1) - token (Bearer Bearer eyJhbGciOiJIUzI1NiIsInR5cCI6IkpXVCJ9.eyJpc3MiOiJNZWRpX0xhYm9fQXBwbGkiLCJpYXQiOjE3MTEwMDE5MzAsImV4cCI6MTcxMTAxNjMzMCwic3ViIjoidGVzdEBtYWlsLmNvbSIsIlJvbGUiOiJPUkdBTklTQVRFVVIifQ.XYxhh0b18HAFHEeRp4pAylni5o9GnIN4K-ovEbwtYNs)
07:19:04.222 285704 INFO  f.m.m.p.services.AdresseService - Call findAll - Patient Service
07:19:42.313 323795 INFO  f.m.m.p.c.PatientController - Call getAll - ip (127.0.0.1) - token (null)
07:19:42.313 323795 INFO  f.m.m.p.services.AdresseService - Call findAll - Patient Service
07:19:42.367 323849 INFO  f.m.m.p.c.PatientController - Call getAll - ip (127.0.0.1) - token (null)
07:19:42.367 323849 INFO  f.m.m.p.services.AdresseService - Call findAll - Patient Service
07:20:27.456 368938 INFO  f.m.m.p.c.PatientController - Call getAll - ip (127.0.0.1) - token (null)
07:20:27.456 368938 INFO  f.m.m.p.services.AdresseService - Call findAll - Patient Service
07:20:34.115 375597 INFO  f.m.m.p.c.PatientController - Call getAll - ip (127.0.0.1) - token (null)
07:20:34.115 375597 INFO  f.m.m.p.services.AdresseService - Call findAll - Patient Service
07:20:34.127 375609 INFO  f.m.m.p.c.PatientController - Call getAll - ip (127.0.0.1) - token (null)
07:20:34.128 375610 INFO  f.m.m.p.services.AdresseService - Call findAll - Patient Service
07:22:17.280 519  INFO  f.m.m.patient.Application - Starting Application using Java 21.0.1 with PID 251900 (/home/alexandrekerestes/Documents/MediLabo_Projet_9_Final/microservice.patient/target/classes started by alexandrekerestes in /home/alexandrekerestes/Documents/MediLabo_Projet_9_Final/microservice.patient)
07:22:17.282 521  INFO  f.m.m.patient.Application - No active profile set, falling back to 1 default profile: "default"
07:22:19.161 2400 WARN  org.hibernate.orm.deprecation - HHH90000025: MySQL8Dialect does not need to be specified explicitly using 'hibernate.dialect' (remove the property setting and it will be selected by default)
07:22:19.164 2403 WARN  org.hibernate.orm.deprecation - HHH90000026: MySQL8Dialect has been deprecated; use org.hibernate.dialect.MySQLDialect instead
07:22:20.487 3726 WARN  o.s.b.a.o.j.JpaBaseConfiguration$JpaWebConfiguration - spring.jpa.open-in-view is enabled by default. Therefore, database queries may be performed during view rendering. Explicitly configure spring.jpa.open-in-view to disable this warning
07:22:20.709 3948 INFO  f.m.m.patient.Application - Started Application in 3.686 seconds (process running for 4.061)
07:23:31.285 74524 INFO  f.m.m.p.c.PatientController - Call getAll - ip (127.0.0.1) - token (null)
07:23:31.285 74524 INFO  f.m.m.p.services.AdresseService - Call findAll - Patient Service
07:24:18.136 121375 INFO  f.m.m.p.c.PatientController - Call getAll - ip (127.0.0.1) - token (null)
07:24:18.136 121375 INFO  f.m.m.p.services.AdresseService - Call findAll - Patient Service
07:24:56.512 159751 INFO  f.m.m.p.c.PatientController - Call getAll - ip (127.0.0.1) - token (null)
07:24:56.513 159752 INFO  f.m.m.p.services.AdresseService - Call findAll - Patient Service
07:25:31.727 194966 INFO  f.m.m.p.c.PatientController - Call getAll - ip (127.0.0.1) - token (null)
07:25:31.727 194966 INFO  f.m.m.p.services.AdresseService - Call findAll - Patient Service
07:25:48.413 455  INFO  f.m.m.p.i.AdresseServiceTest - Starting AdresseServiceTest using Java 21.0.1 with PID 257692 (started by alexandrekerestes in /home/alexandrekerestes/Documents/MediLabo_Projet_9_Final/microservice.patient)
07:25:48.415 457  INFO  f.m.m.p.i.AdresseServiceTest - The following 1 profile is active: "test"
07:25:49.558 1600 WARN  org.hibernate.orm.deprecation - HHH90000025: MySQL8Dialect does not need to be specified explicitly using 'hibernate.dialect' (remove the property setting and it will be selected by default)
07:25:49.559 1601 WARN  org.hibernate.orm.deprecation - HHH90000026: MySQL8Dialect has been deprecated; use org.hibernate.dialect.MySQLDialect instead
07:25:50.561 2603 WARN  o.s.b.a.o.j.JpaBaseConfiguration$JpaWebConfiguration - spring.jpa.open-in-view is enabled by default. Therefore, database queries may be performed during view rendering. Explicitly configure spring.jpa.open-in-view to disable this warning
07:25:51.052 3094 INFO  f.m.m.p.i.AdresseServiceTest - Started AdresseServiceTest in 2.781 seconds (process running for 3.449)
07:25:51.391 3433 INFO  f.m.m.p.services.AdresseService - Call verifyAdresse - Adresse Service
07:25:51.469 3511 INFO  f.m.m.p.services.AdresseService - Call save - Adresse Service
07:25:51.502 3544 INFO  f.m.m.p.services.AdresseService - Call deleteById - Adresse Service
07:25:51.525 3567 INFO  f.m.m.p.services.AdresseService - Call findById - Adresse Service
07:25:51.541 3583 INFO  f.m.m.p.services.AdresseService - Call verifyPatient - Patient Service
07:25:51.551 3593 INFO  f.m.m.p.services.AdresseService - Call findAll - Patient Service
07:25:51.581 3623 INFO  f.m.m.p.services.AdresseService - Call findById - Patient Service
07:25:51.588 3630 INFO  f.m.m.p.services.AdresseService - Call save - Patient Service
07:25:51.600 3642 INFO  f.m.m.p.services.AdresseService - Call deleteById - Patient Service
07:25:51.610 3652 INFO  f.m.m.p.services.AdresseService - Call findById - Patient Service
07:25:51.616 3658 INFO  f.m.m.p.services.AdresseService - Call verifyPatient - Patient Service
07:25:51.652 3694 INFO  f.m.m.p.u.PatientControllerTest - Starting PatientControllerTest using Java 21.0.1 with PID 257692 (started by alexandrekerestes in /home/alexandrekerestes/Documents/MediLabo_Projet_9_Final/microservice.patient)
07:25:51.652 3694 INFO  f.m.m.p.u.PatientControllerTest - The following 1 profile is active: "test"
07:25:52.128 4170 WARN  org.hibernate.orm.deprecation - HHH90000025: MySQL8Dialect does not need to be specified explicitly using 'hibernate.dialect' (remove the property setting and it will be selected by default)
07:25:52.128 4170 WARN  org.hibernate.orm.deprecation - HHH90000026: MySQL8Dialect has been deprecated; use org.hibernate.dialect.MySQLDialect instead
07:25:52.258 4300 WARN  o.s.b.a.o.j.JpaBaseConfiguration$JpaWebConfiguration - spring.jpa.open-in-view is enabled by default. Therefore, database queries may be performed during view rendering. Explicitly configure spring.jpa.open-in-view to disable this warning
07:25:52.623 4665 INFO  f.m.m.p.u.PatientControllerTest - Started PatientControllerTest in 0.985 seconds (process running for 5.019)
07:25:52.741 4783 INFO  f.m.m.p.c.PatientController - Call createPatient - ip (127.0.0.1) - token (null)
07:25:52.771 4813 INFO  f.m.m.p.c.PatientController - Call getPatientById - ip (127.0.0.1) - token (null)
07:25:52.771 4813 INFO  f.m.m.p.c.PatientController - Entity not found - ip (127.0.0.1) - token (null)
07:25:52.776 4818 INFO  f.m.m.p.c.PatientController - Call getAll - ip (127.0.0.1) - token (null)
07:25:52.811 4853 INFO  f.m.m.p.c.PatientController - Call updatePatient - ip (127.0.0.1) - token (null)
07:25:52.821 4863 INFO  f.m.m.p.c.PatientController - Call createPatient - ip (127.0.0.1) - token (null)
07:25:52.822 4864 INFO  f.m.m.p.c.PatientController - Entity already exists - ip (127.0.0.1) - token (null)
07:25:52.833 4875 INFO  f.m.m.p.c.PatientController - Call updatePatient - ip (127.0.0.1) - token (null)
07:25:52.842 4884 INFO  f.m.m.p.c.PatientController - Call getAll - ip (127.0.0.1) - token (null)
07:25:52.842 4884 WARN  f.m.m.p.c.PatientController - Empty patient list - communication error ?
07:25:52.849 4891 INFO  f.m.m.p.c.PatientController - Call deleteById - ip (127.0.0.1) - token (null)
07:25:52.859 4901 INFO  f.m.m.p.c.PatientController - Call createPatient - ip (127.0.0.1) - token (null)
07:25:52.868 4910 INFO  f.m.m.p.c.PatientController - Call updatePatient - ip (127.0.0.1) - token (null)
07:25:52.868 4910 INFO  f.m.m.p.c.PatientController - Entity not found - ip (127.0.0.1) - token (null)
07:25:52.875 4917 INFO  f.m.m.p.c.PatientController - Call getPatientById - ip (127.0.0.1) - token (null)
07:25:52.883 4925 INFO  f.m.m.p.c.PatientController - Call updatePatient - ip (127.0.0.1) - token (null)
07:25:52.912 4954 INFO  f.m.m.patient.ApplicationTests - Starting ApplicationTests using Java 21.0.1 with PID 257692 (started by alexandrekerestes in /home/alexandrekerestes/Documents/MediLabo_Projet_9_Final/microservice.patient)
07:25:52.913 4955 INFO  f.m.m.patient.ApplicationTests - No active profile set, falling back to 1 default profile: "default"
07:25:53.107 5149 WARN  o.h.e.j.e.i.JdbcEnvironmentInitiator - HHH000342: Could not obtain connection to query metadata
java.lang.RuntimeException: Driver com.mysql.cj.jdbc.Driver claims to not accept jdbcUrl, ${DATABASECONNECTION}
	at com.zaxxer.hikari.util.DriverDataSource.<init>(DriverDataSource.java:110)
	at com.zaxxer.hikari.pool.PoolBase.initializeDataSource(PoolBase.java:326)
	at com.zaxxer.hikari.pool.PoolBase.<init>(PoolBase.java:112)
	at com.zaxxer.hikari.pool.HikariPool.<init>(HikariPool.java:93)
	at com.zaxxer.hikari.HikariDataSource.getConnection(HikariDataSource.java:112)
	at org.hibernate.engine.jdbc.connections.internal.DatasourceConnectionProviderImpl.getConnection(DatasourceConnectionProviderImpl.java:122)
	at org.hibernate.engine.jdbc.env.internal.JdbcEnvironmentInitiator$ConnectionProviderJdbcConnectionAccess.obtainConnection(JdbcEnvironmentInitiator.java:428)
	at org.hibernate.resource.transaction.backend.jdbc.internal.JdbcIsolationDelegate.delegateWork(JdbcIsolationDelegate.java:61)
	at org.hibernate.engine.jdbc.env.internal.JdbcEnvironmentInitiator.getJdbcEnvironmentUsingJdbcMetadata(JdbcEnvironmentInitiator.java:276)
	at org.hibernate.engine.jdbc.env.internal.JdbcEnvironmentInitiator.initiateService(JdbcEnvironmentInitiator.java:107)
	at org.hibernate.engine.jdbc.env.internal.JdbcEnvironmentInitiator.initiateService(JdbcEnvironmentInitiator.java:68)
	at org.hibernate.boot.registry.internal.StandardServiceRegistryImpl.initiateService(StandardServiceRegistryImpl.java:130)
	at org.hibernate.service.internal.AbstractServiceRegistryImpl.createService(AbstractServiceRegistryImpl.java:263)
	at org.hibernate.service.internal.AbstractServiceRegistryImpl.initializeService(AbstractServiceRegistryImpl.java:238)
	at org.hibernate.service.internal.AbstractServiceRegistryImpl.getService(AbstractServiceRegistryImpl.java:215)
	at org.hibernate.boot.model.relational.Database.<init>(Database.java:45)
	at org.hibernate.boot.internal.InFlightMetadataCollectorImpl.getDatabase(InFlightMetadataCollectorImpl.java:223)
	at org.hibernate.boot.internal.InFlightMetadataCollectorImpl.<init>(InFlightMetadataCollectorImpl.java:191)
	at org.hibernate.boot.model.process.spi.MetadataBuildingProcess.complete(MetadataBuildingProcess.java:170)
	at org.hibernate.jpa.boot.internal.EntityManagerFactoryBuilderImpl.metadata(EntityManagerFactoryBuilderImpl.java:1432)
	at org.hibernate.jpa.boot.internal.EntityManagerFactoryBuilderImpl.build(EntityManagerFactoryBuilderImpl.java:1503)
	at org.springframework.orm.jpa.vendor.SpringHibernateJpaPersistenceProvider.createContainerEntityManagerFactory(SpringHibernateJpaPersistenceProvider.java:75)
	at org.springframework.orm.jpa.LocalContainerEntityManagerFactoryBean.createNativeEntityManagerFactory(LocalContainerEntityManagerFactoryBean.java:388)
	at org.springframework.orm.jpa.AbstractEntityManagerFactoryBean.buildNativeEntityManagerFactory(AbstractEntityManagerFactoryBean.java:409)
	at org.springframework.orm.jpa.AbstractEntityManagerFactoryBean.afterPropertiesSet(AbstractEntityManagerFactoryBean.java:396)
	at org.springframework.orm.jpa.LocalContainerEntityManagerFactoryBean.afterPropertiesSet(LocalContainerEntityManagerFactoryBean.java:364)
	at org.springframework.beans.factory.support.AbstractAutowireCapableBeanFactory.invokeInitMethods(AbstractAutowireCapableBeanFactory.java:1833)
	at org.springframework.beans.factory.support.AbstractAutowireCapableBeanFactory.initializeBean(AbstractAutowireCapableBeanFactory.java:1782)
	at org.springframework.beans.factory.support.AbstractAutowireCapableBeanFactory.doCreateBean(AbstractAutowireCapableBeanFactory.java:600)
	at org.springframework.beans.factory.support.AbstractAutowireCapableBeanFactory.createBean(AbstractAutowireCapableBeanFactory.java:522)
	at org.springframework.beans.factory.support.AbstractBeanFactory.lambda$doGetBean$0(AbstractBeanFactory.java:325)
	at org.springframework.beans.factory.support.DefaultSingletonBeanRegistry.getSingleton(DefaultSingletonBeanRegistry.java:234)
	at org.springframework.beans.factory.support.AbstractBeanFactory.doGetBean(AbstractBeanFactory.java:323)
	at org.springframework.beans.factory.support.AbstractBeanFactory.getBean(AbstractBeanFactory.java:199)
	at org.springframework.context.support.AbstractApplicationContext.getBean(AbstractApplicationContext.java:1231)
	at org.springframework.context.support.AbstractApplicationContext.finishBeanFactoryInitialization(AbstractApplicationContext.java:949)
	at org.springframework.context.support.AbstractApplicationContext.refresh(AbstractApplicationContext.java:624)
	at org.springframework.boot.SpringApplication.refresh(SpringApplication.java:754)
	at org.springframework.boot.SpringApplication.refreshContext(SpringApplication.java:456)
	at org.springframework.boot.SpringApplication.run(SpringApplication.java:334)
	at org.springframework.boot.test.context.SpringBootContextLoader.lambda$loadContext$3(SpringBootContextLoader.java:137)
	at org.springframework.util.function.ThrowingSupplier.get(ThrowingSupplier.java:58)
	at org.springframework.util.function.ThrowingSupplier.get(ThrowingSupplier.java:46)
	at org.springframework.boot.SpringApplication.withHook(SpringApplication.java:1454)
	at org.springframework.boot.test.context.SpringBootContextLoader$ContextLoaderHook.run(SpringBootContextLoader.java:553)
	at org.springframework.boot.test.context.SpringBootContextLoader.loadContext(SpringBootContextLoader.java:137)
	at org.springframework.boot.test.context.SpringBootContextLoader.loadContext(SpringBootContextLoader.java:108)
	at org.springframework.test.context.cache.DefaultCacheAwareContextLoaderDelegate.loadContextInternal(DefaultCacheAwareContextLoaderDelegate.java:225)
	at org.springframework.test.context.cache.DefaultCacheAwareContextLoaderDelegate.loadContext(DefaultCacheAwareContextLoaderDelegate.java:152)
	at org.springframework.test.context.support.DefaultTestContext.getApplicationContext(DefaultTestContext.java:130)
	at org.springframework.test.context.web.ServletTestExecutionListener.setUpRequestContextIfNecessary(ServletTestExecutionListener.java:191)
	at org.springframework.test.context.web.ServletTestExecutionListener.prepareTestInstance(ServletTestExecutionListener.java:130)
	at org.springframework.test.context.TestContextManager.prepareTestInstance(TestContextManager.java:260)
	at org.springframework.test.context.junit.jupiter.SpringExtension.postProcessTestInstance(SpringExtension.java:163)
	at org.junit.jupiter.engine.descriptor.ClassBasedTestDescriptor.lambda$invokeTestInstancePostProcessors$10(ClassBasedTestDescriptor.java:378)
	at org.junit.jupiter.engine.descriptor.ClassBasedTestDescriptor.executeAndMaskThrowable(ClassBasedTestDescriptor.java:383)
	at org.junit.jupiter.engine.descriptor.ClassBasedTestDescriptor.lambda$invokeTestInstancePostProcessors$11(ClassBasedTestDescriptor.java:378)
	at java.base/java.util.stream.ReferencePipeline$3$1.accept(ReferencePipeline.java:197)
	at java.base/java.util.stream.ReferencePipeline$2$1.accept(ReferencePipeline.java:179)
	at java.base/java.util.ArrayList$ArrayListSpliterator.forEachRemaining(ArrayList.java:1708)
	at java.base/java.util.stream.AbstractPipeline.copyInto(AbstractPipeline.java:509)
	at java.base/java.util.stream.AbstractPipeline.wrapAndCopyInto(AbstractPipeline.java:499)
	at java.base/java.util.stream.StreamSpliterators$WrappingSpliterator.forEachRemaining(StreamSpliterators.java:310)
	at java.base/java.util.stream.Streams$ConcatSpliterator.forEachRemaining(Streams.java:735)
	at java.base/java.util.stream.Streams$ConcatSpliterator.forEachRemaining(Streams.java:734)
	at java.base/java.util.stream.ReferencePipeline$Head.forEach(ReferencePipeline.java:762)
	at org.junit.jupiter.engine.descriptor.ClassBasedTestDescriptor.invokeTestInstancePostProcessors(ClassBasedTestDescriptor.java:377)
	at org.junit.jupiter.engine.descriptor.ClassBasedTestDescriptor.lambda$instantiateAndPostProcessTestInstance$6(ClassBasedTestDescriptor.java:290)
	at org.junit.platform.engine.support.hierarchical.ThrowableCollector.execute(ThrowableCollector.java:73)
	at org.junit.jupiter.engine.descriptor.ClassBasedTestDescriptor.instantiateAndPostProcessTestInstance(ClassBasedTestDescriptor.java:289)
	at org.junit.jupiter.engine.descriptor.ClassBasedTestDescriptor.lambda$testInstancesProvider$4(ClassBasedTestDescriptor.java:279)
	at java.base/java.util.Optional.orElseGet(Optional.java:364)
	at org.junit.jupiter.engine.descriptor.ClassBasedTestDescriptor.lambda$testInstancesProvider$5(ClassBasedTestDescriptor.java:278)
	at org.junit.jupiter.engine.execution.TestInstancesProvider.getTestInstances(TestInstancesProvider.java:31)
	at org.junit.jupiter.engine.descriptor.TestMethodTestDescriptor.lambda$prepare$0(TestMethodTestDescriptor.java:106)
	at org.junit.platform.engine.support.hierarchical.ThrowableCollector.execute(ThrowableCollector.java:73)
	at org.junit.jupiter.engine.descriptor.TestMethodTestDescriptor.prepare(TestMethodTestDescriptor.java:105)
	at org.junit.jupiter.engine.descriptor.TestMethodTestDescriptor.prepare(TestMethodTestDescriptor.java:69)
	at org.junit.platform.engine.support.hierarchical.NodeTestTask.lambda$prepare$2(NodeTestTask.java:123)
	at org.junit.platform.engine.support.hierarchical.ThrowableCollector.execute(ThrowableCollector.java:73)
	at org.junit.platform.engine.support.hierarchical.NodeTestTask.prepare(NodeTestTask.java:123)
	at org.junit.platform.engine.support.hierarchical.NodeTestTask.execute(NodeTestTask.java:90)
	at java.base/java.util.ArrayList.forEach(ArrayList.java:1596)
	at org.junit.platform.engine.support.hierarchical.SameThreadHierarchicalTestExecutorService.invokeAll(SameThreadHierarchicalTestExecutorService.java:41)
	at org.junit.platform.engine.support.hierarchical.NodeTestTask.lambda$executeRecursively$6(NodeTestTask.java:155)
	at org.junit.platform.engine.support.hierarchical.ThrowableCollector.execute(ThrowableCollector.java:73)
	at org.junit.platform.engine.support.hierarchical.NodeTestTask.lambda$executeRecursively$8(NodeTestTask.java:141)
	at org.junit.platform.engine.support.hierarchical.Node.around(Node.java:137)
	at org.junit.platform.engine.support.hierarchical.NodeTestTask.lambda$executeRecursively$9(NodeTestTask.java:139)
	at org.junit.platform.engine.support.hierarchical.ThrowableCollector.execute(ThrowableCollector.java:73)
	at org.junit.platform.engine.support.hierarchical.NodeTestTask.executeRecursively(NodeTestTask.java:138)
	at org.junit.platform.engine.support.hierarchical.NodeTestTask.execute(NodeTestTask.java:95)
	at java.base/java.util.ArrayList.forEach(ArrayList.java:1596)
	at org.junit.platform.engine.support.hierarchical.SameThreadHierarchicalTestExecutorService.invokeAll(SameThreadHierarchicalTestExecutorService.java:41)
	at org.junit.platform.engine.support.hierarchical.NodeTestTask.lambda$executeRecursively$6(NodeTestTask.java:155)
	at org.junit.platform.engine.support.hierarchical.ThrowableCollector.execute(ThrowableCollector.java:73)
	at org.junit.platform.engine.support.hierarchical.NodeTestTask.lambda$executeRecursively$8(NodeTestTask.java:141)
	at org.junit.platform.engine.support.hierarchical.Node.around(Node.java:137)
	at org.junit.platform.engine.support.hierarchical.NodeTestTask.lambda$executeRecursively$9(NodeTestTask.java:139)
	at org.junit.platform.engine.support.hierarchical.ThrowableCollector.execute(ThrowableCollector.java:73)
	at org.junit.platform.engine.support.hierarchical.NodeTestTask.executeRecursively(NodeTestTask.java:138)
	at org.junit.platform.engine.support.hierarchical.NodeTestTask.execute(NodeTestTask.java:95)
	at org.junit.platform.engine.support.hierarchical.SameThreadHierarchicalTestExecutorService.submit(SameThreadHierarchicalTestExecutorService.java:35)
	at org.junit.platform.engine.support.hierarchical.HierarchicalTestExecutor.execute(HierarchicalTestExecutor.java:57)
	at org.junit.platform.engine.support.hierarchical.HierarchicalTestEngine.execute(HierarchicalTestEngine.java:54)
	at org.junit.platform.launcher.core.EngineExecutionOrchestrator.execute(EngineExecutionOrchestrator.java:198)
	at org.junit.platform.launcher.core.EngineExecutionOrchestrator.execute(EngineExecutionOrchestrator.java:169)
	at org.junit.platform.launcher.core.EngineExecutionOrchestrator.execute(EngineExecutionOrchestrator.java:93)
	at org.junit.platform.launcher.core.EngineExecutionOrchestrator.lambda$execute$0(EngineExecutionOrchestrator.java:58)
	at org.junit.platform.launcher.core.EngineExecutionOrchestrator.withInterceptedStreams(EngineExecutionOrchestrator.java:141)
	at org.junit.platform.launcher.core.EngineExecutionOrchestrator.execute(EngineExecutionOrchestrator.java:57)
	at org.junit.platform.launcher.core.DefaultLauncher.execute(DefaultLauncher.java:103)
	at org.junit.platform.launcher.core.DefaultLauncher.execute(DefaultLauncher.java:85)
	at org.junit.platform.launcher.core.DelegatingLauncher.execute(DelegatingLauncher.java:47)
	at org.apache.maven.surefire.junitplatform.LazyLauncher.execute(LazyLauncher.java:56)
	at org.apache.maven.surefire.junitplatform.JUnitPlatformProvider.execute(JUnitPlatformProvider.java:184)
	at org.apache.maven.surefire.junitplatform.JUnitPlatformProvider.invokeAllTests(JUnitPlatformProvider.java:148)
	at org.apache.maven.surefire.junitplatform.JUnitPlatformProvider.invoke(JUnitPlatformProvider.java:122)
	at org.apache.maven.surefire.booter.ForkedBooter.runSuitesInProcess(ForkedBooter.java:385)
	at org.apache.maven.surefire.booter.ForkedBooter.execute(ForkedBooter.java:162)
	at org.apache.maven.surefire.booter.ForkedBooter.run(ForkedBooter.java:507)
	at org.apache.maven.surefire.booter.ForkedBooter.main(ForkedBooter.java:495)
07:25:53.110 5152 WARN  org.hibernate.orm.deprecation - HHH90000025: MySQL8Dialect does not need to be specified explicitly using 'hibernate.dialect' (remove the property setting and it will be selected by default)
07:25:53.110 5152 WARN  org.hibernate.orm.deprecation - HHH90000026: MySQL8Dialect has been deprecated; use org.hibernate.dialect.MySQLDialect instead
07:25:53.205 5247 WARN  o.s.b.a.o.j.JpaBaseConfiguration$JpaWebConfiguration - spring.jpa.open-in-view is enabled by default. Therefore, database queries may be performed during view rendering. Explicitly configure spring.jpa.open-in-view to disable this warning
07:25:53.278 5320 INFO  f.m.m.patient.ApplicationTests - Started ApplicationTests in 0.382 seconds (process running for 5.675)
07:26:06.214 229453 INFO  f.m.m.p.c.PatientController - Call getAll - ip (127.0.0.1) - token (null)
07:26:06.214 229453 INFO  f.m.m.p.services.AdresseService - Call findAll - Patient Service
07:26:18.153 241392 INFO  f.m.m.p.c.PatientController - Call getAll - ip (127.0.0.1) - token (null)
07:26:18.153 241392 INFO  f.m.m.p.services.AdresseService - Call findAll - Patient Service
07:52:37.365 1820604 INFO  f.m.m.p.c.PatientController - Call getAll - ip (127.0.0.1) - token (Bearer Bearer eyJhbGciOiJIUzI1NiIsInR5cCI6IkpXVCJ9.eyJpc3MiOiJNZWRpX0xhYm9fQXBwbGkiLCJpYXQiOjE3MTEwMDM5NTYsImV4cCI6MTcxMTAxODM1Niwic3ViIjoidGVzdEBtYWlsLmNvbSIsIlJvbGUiOiJPUkdBTklTQVRFVVIifQ.S7SzbiFBkGGctHbH-feGV-xLOOL4dxZIFzrMrqSEUhM)
07:52:37.365 1820604 INFO  f.m.m.p.services.AdresseService - Call findAll - Patient Service
07:53:00.999 1844238 INFO  f.m.m.p.c.PatientController - Call createPatient - ip (127.0.0.1) - token (Bearer Bearer eyJhbGciOiJIUzI1NiIsInR5cCI6IkpXVCJ9.eyJpc3MiOiJNZWRpX0xhYm9fQXBwbGkiLCJpYXQiOjE3MTEwMDM5NTcsImV4cCI6MTcxMTAxODM1Nywic3ViIjoidGVzdEBtYWlsLmNvbSIsIlJvbGUiOiJPUkdBTklTQVRFVVIifQ.sBMp1NnwzjJeI0GFClVImp7P7osl7R7R2GSlLfgnlL0)
07:53:01.000 1844239 INFO  f.m.m.p.services.AdresseService - Call verifyPatient - Patient Service
07:53:01.012 1844251 INFO  f.m.m.p.services.AdresseService - Call save - Patient Service
07:53:01.046 1844285 INFO  f.m.m.p.c.PatientController - Call getAll - ip (127.0.0.1) - token (Bearer Bearer eyJhbGciOiJIUzI1NiIsInR5cCI6IkpXVCJ9.eyJpc3MiOiJNZWRpX0xhYm9fQXBwbGkiLCJpYXQiOjE3MTEwMDM5NTcsImV4cCI6MTcxMTAxODM1Nywic3ViIjoidGVzdEBtYWlsLmNvbSIsIlJvbGUiOiJPUkdBTklTQVRFVVIifQ.sBMp1NnwzjJeI0GFClVImp7P7osl7R7R2GSlLfgnlL0)
07:53:01.047 1844286 INFO  f.m.m.p.services.AdresseService - Call findAll - Patient Service
07:53:06.978 1850217 INFO  f.m.m.p.c.PatientController - Call deleteById - ip (127.0.0.1) - token (Bearer Bearer eyJhbGciOiJIUzI1NiIsInR5cCI6IkpXVCJ9.eyJpc3MiOiJNZWRpX0xhYm9fQXBwbGkiLCJpYXQiOjE3MTEwMDM5NTcsImV4cCI6MTcxMTAxODM1Nywic3ViIjoidGVzdEBtYWlsLmNvbSIsIlJvbGUiOiJPUkdBTklTQVRFVVIifQ.sBMp1NnwzjJeI0GFClVImp7P7osl7R7R2GSlLfgnlL0)
07:53:06.978 1850217 INFO  f.m.m.p.services.AdresseService - Call deleteById - Patient Service
07:53:07.006 1850245 INFO  f.m.m.p.c.PatientController - Call getAll - ip (127.0.0.1) - token (Bearer Bearer eyJhbGciOiJIUzI1NiIsInR5cCI6IkpXVCJ9.eyJpc3MiOiJNZWRpX0xhYm9fQXBwbGkiLCJpYXQiOjE3MTEwMDM5NTcsImV4cCI6MTcxMTAxODM1Nywic3ViIjoidGVzdEBtYWlsLmNvbSIsIlJvbGUiOiJPUkdBTklTQVRFVVIifQ.sBMp1NnwzjJeI0GFClVImp7P7osl7R7R2GSlLfgnlL0)
07:53:07.007 1850246 INFO  f.m.m.p.services.AdresseService - Call findAll - Patient Service
07:53:17.430 1860669 INFO  f.m.m.p.c.PatientController - Call getAll - ip (127.0.0.1) - token (null)
07:53:17.430 1860669 INFO  f.m.m.p.services.AdresseService - Call findAll - Patient Service
07:53:17.462 1860701 INFO  f.m.m.p.c.PatientController - Call getAll - ip (127.0.0.1) - token (null)
07:53:17.463 1860702 INFO  f.m.m.p.services.AdresseService - Call findAll - Patient Service
07:53:55.775 1899014 INFO  f.m.m.p.c.PatientController - Call getAll - ip (127.0.0.1) - token (null)
07:53:55.775 1899014 INFO  f.m.m.p.services.AdresseService - Call findAll - Patient Service
07:53:55.788 1899027 INFO  f.m.m.p.c.PatientController - Call getAll - ip (127.0.0.1) - token (null)
07:53:55.788 1899027 INFO  f.m.m.p.services.AdresseService - Call findAll - Patient Service
07:53:59.885 1903124 INFO  f.m.m.p.c.PatientController - Call getAll - ip (127.0.0.1) - token (null)
07:53:59.885 1903124 INFO  f.m.m.p.services.AdresseService - Call findAll - Patient Service
10:00:16.683 464  INFO  f.m.m.patient.Application - Starting Application using Java 21.0.1 with PID 353225 (/home/alexandrekerestes/Documents/MediLabo_Projet_9_Final/microservice.patient/target/classes started by alexandrekerestes in /home/alexandrekerestes/Documents/MediLabo_Projet_9_Final/microservice.patient)
10:00:16.685 466  INFO  f.m.m.patient.Application - No active profile set, falling back to 1 default profile: "default"
10:00:18.071 1852 WARN  org.hibernate.orm.deprecation - HHH90000025: MySQL8Dialect does not need to be specified explicitly using 'hibernate.dialect' (remove the property setting and it will be selected by default)
10:00:18.072 1853 WARN  org.hibernate.orm.deprecation - HHH90000026: MySQL8Dialect has been deprecated; use org.hibernate.dialect.MySQLDialect instead
10:00:19.178 2959 WARN  o.s.b.w.s.c.AnnotationConfigServletWebServerApplicationContext - Exception encountered during context initialization - cancelling refresh attempt: org.springframework.beans.factory.BeanCreationException: Error creating bean with name 'backendServiceService': Invocation of init method failed
10:00:19.203 2984 ERROR o.s.boot.SpringApplication - Application run failed
org.springframework.beans.factory.BeanCreationException: Error creating bean with name 'backendServiceService': Invocation of init method failed
	at org.springframework.beans.factory.annotation.InitDestroyAnnotationBeanPostProcessor.postProcessBeforeInitialization(InitDestroyAnnotationBeanPostProcessor.java:222)
	at org.springframework.beans.factory.support.AbstractAutowireCapableBeanFactory.applyBeanPostProcessorsBeforeInitialization(AbstractAutowireCapableBeanFactory.java:422)
	at org.springframework.beans.factory.support.AbstractAutowireCapableBeanFactory.initializeBean(AbstractAutowireCapableBeanFactory.java:1778)
	at org.springframework.beans.factory.support.AbstractAutowireCapableBeanFactory.doCreateBean(AbstractAutowireCapableBeanFactory.java:600)
	at org.springframework.beans.factory.support.AbstractAutowireCapableBeanFactory.createBean(AbstractAutowireCapableBeanFactory.java:522)
	at org.springframework.beans.factory.support.AbstractBeanFactory.lambda$doGetBean$0(AbstractBeanFactory.java:325)
	at org.springframework.beans.factory.support.DefaultSingletonBeanRegistry.getSingleton(DefaultSingletonBeanRegistry.java:234)
	at org.springframework.beans.factory.support.AbstractBeanFactory.doGetBean(AbstractBeanFactory.java:323)
	at org.springframework.beans.factory.support.AbstractBeanFactory.getBean(AbstractBeanFactory.java:199)
	at org.springframework.beans.factory.support.DefaultListableBeanFactory.preInstantiateSingletons(DefaultListableBeanFactory.java:975)
	at org.springframework.context.support.AbstractApplicationContext.finishBeanFactoryInitialization(AbstractApplicationContext.java:959)
	at org.springframework.context.support.AbstractApplicationContext.refresh(AbstractApplicationContext.java:624)
	at org.springframework.boot.web.servlet.context.ServletWebServerApplicationContext.refresh(ServletWebServerApplicationContext.java:146)
	at org.springframework.boot.SpringApplication.refresh(SpringApplication.java:754)
	at org.springframework.boot.SpringApplication.refreshContext(SpringApplication.java:456)
	at org.springframework.boot.SpringApplication.run(SpringApplication.java:334)
	at org.springframework.boot.SpringApplication.run(SpringApplication.java:1354)
	at org.springframework.boot.SpringApplication.run(SpringApplication.java:1343)
	at fr.medilabo.microservice.patient.Application.main(Application.java:10)
Caused by: org.springframework.web.client.HttpServerErrorException$InternalServerError: 500 : "{"timestamp":"2024-03-21T09:00:19.159+00:00","status":500,"error":"Internal Server Error","path":"/auth/back/registration"}"
	at org.springframework.web.client.HttpServerErrorException.create(HttpServerErrorException.java:102)
	at org.springframework.web.client.DefaultResponseErrorHandler.handleError(DefaultResponseErrorHandler.java:186)
	at org.springframework.web.client.DefaultResponseErrorHandler.handleError(DefaultResponseErrorHandler.java:137)
	at org.springframework.web.client.ResponseErrorHandler.handleError(ResponseErrorHandler.java:63)
	at org.springframework.web.client.RestTemplate.handleResponse(RestTemplate.java:942)
	at org.springframework.web.client.RestTemplate.doExecute(RestTemplate.java:891)
	at org.springframework.web.client.RestTemplate.execute(RestTemplate.java:790)
	at org.springframework.web.client.RestTemplate.postForEntity(RestTemplate.java:538)
	at fr.medilabo.microservice.patient.services.BackendServiceService.backendServiceRegistration(BackendServiceService.java:22)
	at java.base/jdk.internal.reflect.DirectMethodHandleAccessor.invoke(DirectMethodHandleAccessor.java:103)
	at java.base/java.lang.reflect.Method.invoke(Method.java:580)
	at org.springframework.beans.factory.annotation.InitDestroyAnnotationBeanPostProcessor$LifecycleMethod.invoke(InitDestroyAnnotationBeanPostProcessor.java:457)
	at org.springframework.beans.factory.annotation.InitDestroyAnnotationBeanPostProcessor$LifecycleMetadata.invokeInitMethods(InitDestroyAnnotationBeanPostProcessor.java:401)
	at org.springframework.beans.factory.annotation.InitDestroyAnnotationBeanPostProcessor.postProcessBeforeInitialization(InitDestroyAnnotationBeanPostProcessor.java:219)
	... 18 common frames omitted
10:02:47.798 505  INFO  f.m.m.patient.Application - Starting Application using Java 21.0.1 with PID 355291 (/home/alexandrekerestes/Documents/MediLabo_Projet_9_Final/microservice.patient/target/classes started by alexandrekerestes in /home/alexandrekerestes/Documents/MediLabo_Projet_9_Final/microservice.patient)
10:02:47.799 506  INFO  f.m.m.patient.Application - No active profile set, falling back to 1 default profile: "default"
10:02:49.148 1855 WARN  org.hibernate.orm.deprecation - HHH90000025: MySQL8Dialect does not need to be specified explicitly using 'hibernate.dialect' (remove the property setting and it will be selected by default)
10:02:49.149 1856 WARN  org.hibernate.orm.deprecation - HHH90000026: MySQL8Dialect has been deprecated; use org.hibernate.dialect.MySQLDialect instead
10:02:50.282 2989 WARN  o.s.b.w.s.c.AnnotationConfigServletWebServerApplicationContext - Exception encountered during context initialization - cancelling refresh attempt: org.springframework.beans.factory.BeanCreationException: Error creating bean with name 'backendServiceService' defined in file [/home/alexandrekerestes/Documents/MediLabo_Projet_9_Final/microservice.patient/target/classes/fr/medilabo/microservice/patient/services/BackendServiceService.class]: 500 : "{"timestamp":"2024-03-21T09:02:50.263+00:00","status":500,"error":"Internal Server Error","path":"/auth/back/registration"}"
10:02:50.304 3011 ERROR o.s.boot.SpringApplication - Application run failed
org.springframework.beans.factory.BeanCreationException: Error creating bean with name 'backendServiceService' defined in file [/home/alexandrekerestes/Documents/MediLabo_Projet_9_Final/microservice.patient/target/classes/fr/medilabo/microservice/patient/services/BackendServiceService.class]: 500 : "{"timestamp":"2024-03-21T09:02:50.263+00:00","status":500,"error":"Internal Server Error","path":"/auth/back/registration"}"
	at org.springframework.beans.factory.support.AbstractAutowireCapableBeanFactory.initializeBean(AbstractAutowireCapableBeanFactory.java:1786)
	at org.springframework.beans.factory.support.AbstractAutowireCapableBeanFactory.doCreateBean(AbstractAutowireCapableBeanFactory.java:600)
	at org.springframework.beans.factory.support.AbstractAutowireCapableBeanFactory.createBean(AbstractAutowireCapableBeanFactory.java:522)
	at org.springframework.beans.factory.support.AbstractBeanFactory.lambda$doGetBean$0(AbstractBeanFactory.java:325)
	at org.springframework.beans.factory.support.DefaultSingletonBeanRegistry.getSingleton(DefaultSingletonBeanRegistry.java:234)
	at org.springframework.beans.factory.support.AbstractBeanFactory.doGetBean(AbstractBeanFactory.java:323)
	at org.springframework.beans.factory.support.AbstractBeanFactory.getBean(AbstractBeanFactory.java:199)
	at org.springframework.beans.factory.support.DefaultListableBeanFactory.preInstantiateSingletons(DefaultListableBeanFactory.java:975)
	at org.springframework.context.support.AbstractApplicationContext.finishBeanFactoryInitialization(AbstractApplicationContext.java:959)
	at org.springframework.context.support.AbstractApplicationContext.refresh(AbstractApplicationContext.java:624)
	at org.springframework.boot.web.servlet.context.ServletWebServerApplicationContext.refresh(ServletWebServerApplicationContext.java:146)
	at org.springframework.boot.SpringApplication.refresh(SpringApplication.java:754)
	at org.springframework.boot.SpringApplication.refreshContext(SpringApplication.java:456)
	at org.springframework.boot.SpringApplication.run(SpringApplication.java:334)
	at org.springframework.boot.SpringApplication.run(SpringApplication.java:1354)
	at org.springframework.boot.SpringApplication.run(SpringApplication.java:1343)
	at fr.medilabo.microservice.patient.Application.main(Application.java:10)
Caused by: org.springframework.web.client.HttpServerErrorException$InternalServerError: 500 : "{"timestamp":"2024-03-21T09:02:50.263+00:00","status":500,"error":"Internal Server Error","path":"/auth/back/registration"}"
	at org.springframework.web.client.HttpServerErrorException.create(HttpServerErrorException.java:102)
	at org.springframework.web.client.DefaultResponseErrorHandler.handleError(DefaultResponseErrorHandler.java:186)
	at org.springframework.web.client.DefaultResponseErrorHandler.handleError(DefaultResponseErrorHandler.java:137)
	at org.springframework.web.client.ResponseErrorHandler.handleError(ResponseErrorHandler.java:63)
	at org.springframework.web.client.RestTemplate.handleResponse(RestTemplate.java:942)
	at org.springframework.web.client.RestTemplate.doExecute(RestTemplate.java:891)
	at org.springframework.web.client.RestTemplate.execute(RestTemplate.java:790)
	at org.springframework.web.client.RestTemplate.postForEntity(RestTemplate.java:538)
	at fr.medilabo.microservice.patient.services.BackendServiceService.afterPropertiesSet(BackendServiceService.java:23)
	at org.springframework.beans.factory.support.AbstractAutowireCapableBeanFactory.invokeInitMethods(AbstractAutowireCapableBeanFactory.java:1833)
	at org.springframework.beans.factory.support.AbstractAutowireCapableBeanFactory.initializeBean(AbstractAutowireCapableBeanFactory.java:1782)
	... 16 common frames omitted
10:14:14.742 459  INFO  f.m.m.patient.Application - Starting Application using Java 21.0.1 with PID 362479 (/home/alexandrekerestes/Documents/MediLabo_Projet_9_Final/microservice.patient/target/classes started by alexandrekerestes in /home/alexandrekerestes/Documents/MediLabo_Projet_9_Final/microservice.patient)
10:14:14.743 460  INFO  f.m.m.patient.Application - No active profile set, falling back to 1 default profile: "default"
10:14:16.106 1823 WARN  org.hibernate.orm.deprecation - HHH90000025: MySQL8Dialect does not need to be specified explicitly using 'hibernate.dialect' (remove the property setting and it will be selected by default)
10:14:16.107 1824 WARN  org.hibernate.orm.deprecation - HHH90000026: MySQL8Dialect has been deprecated; use org.hibernate.dialect.MySQLDialect instead
10:14:16.970 2687 WARN  o.s.b.w.s.c.AnnotationConfigServletWebServerApplicationContext - Exception encountered during context initialization - cancelling refresh attempt: org.springframework.beans.factory.UnsatisfiedDependencyException: Error creating bean with name 'backendServiceService': Unsatisfied dependency expressed through field 'backendService': No qualifying bean of type 'fr.medilabo.microservice.patient.models.BackendService' available: expected at least 1 bean which qualifies as autowire candidate. Dependency annotations: {@org.springframework.beans.factory.annotation.Autowired(required=true)}
10:14:17.008 2725 ERROR o.s.b.d.LoggingFailureAnalysisReporter - 

***************************
APPLICATION FAILED TO START
***************************

Description:

Field backendService in fr.medilabo.microservice.patient.services.BackendServiceService required a bean of type 'fr.medilabo.microservice.patient.models.BackendService' that could not be found.

The injection point has the following annotations:
	- @org.springframework.beans.factory.annotation.Autowired(required=true)


Action:

Consider defining a bean of type 'fr.medilabo.microservice.patient.models.BackendService' in your configuration.

10:21:27.204 461  INFO  f.m.m.patient.Application - Starting Application using Java 21.0.1 with PID 367560 (/home/alexandrekerestes/Documents/MediLabo_Projet_9_Final/microservice.patient/target/classes started by alexandrekerestes in /home/alexandrekerestes/Documents/MediLabo_Projet_9_Final/microservice.patient)
10:21:27.206 463  INFO  f.m.m.patient.Application - No active profile set, falling back to 1 default profile: "default"
10:21:28.607 1864 WARN  org.hibernate.orm.deprecation - HHH90000025: MySQL8Dialect does not need to be specified explicitly using 'hibernate.dialect' (remove the property setting and it will be selected by default)
10:21:28.608 1865 WARN  org.hibernate.orm.deprecation - HHH90000026: MySQL8Dialect has been deprecated; use org.hibernate.dialect.MySQLDialect instead
10:21:29.621 2878 WARN  o.s.b.w.s.c.AnnotationConfigServletWebServerApplicationContext - Exception encountered during context initialization - cancelling refresh attempt: org.springframework.beans.factory.BeanCreationException: Error creating bean with name 'backendServiceService': Invocation of init method failed
10:21:29.644 2901 ERROR o.s.boot.SpringApplication - Application run failed
org.springframework.beans.factory.BeanCreationException: Error creating bean with name 'backendServiceService': Invocation of init method failed
	at org.springframework.beans.factory.annotation.InitDestroyAnnotationBeanPostProcessor.postProcessBeforeInitialization(InitDestroyAnnotationBeanPostProcessor.java:222)
	at org.springframework.beans.factory.support.AbstractAutowireCapableBeanFactory.applyBeanPostProcessorsBeforeInitialization(AbstractAutowireCapableBeanFactory.java:422)
	at org.springframework.beans.factory.support.AbstractAutowireCapableBeanFactory.initializeBean(AbstractAutowireCapableBeanFactory.java:1778)
	at org.springframework.beans.factory.support.AbstractAutowireCapableBeanFactory.doCreateBean(AbstractAutowireCapableBeanFactory.java:600)
	at org.springframework.beans.factory.support.AbstractAutowireCapableBeanFactory.createBean(AbstractAutowireCapableBeanFactory.java:522)
	at org.springframework.beans.factory.support.AbstractBeanFactory.lambda$doGetBean$0(AbstractBeanFactory.java:325)
	at org.springframework.beans.factory.support.DefaultSingletonBeanRegistry.getSingleton(DefaultSingletonBeanRegistry.java:234)
	at org.springframework.beans.factory.support.AbstractBeanFactory.doGetBean(AbstractBeanFactory.java:323)
	at org.springframework.beans.factory.support.AbstractBeanFactory.getBean(AbstractBeanFactory.java:199)
	at org.springframework.beans.factory.support.DefaultListableBeanFactory.preInstantiateSingletons(DefaultListableBeanFactory.java:975)
	at org.springframework.context.support.AbstractApplicationContext.finishBeanFactoryInitialization(AbstractApplicationContext.java:959)
	at org.springframework.context.support.AbstractApplicationContext.refresh(AbstractApplicationContext.java:624)
	at org.springframework.boot.web.servlet.context.ServletWebServerApplicationContext.refresh(ServletWebServerApplicationContext.java:146)
	at org.springframework.boot.SpringApplication.refresh(SpringApplication.java:754)
	at org.springframework.boot.SpringApplication.refreshContext(SpringApplication.java:456)
	at org.springframework.boot.SpringApplication.run(SpringApplication.java:334)
	at org.springframework.boot.SpringApplication.run(SpringApplication.java:1354)
	at org.springframework.boot.SpringApplication.run(SpringApplication.java:1343)
	at fr.medilabo.microservice.patient.Application.main(Application.java:10)
Caused by: org.springframework.web.client.HttpServerErrorException$InternalServerError: 500 : "{"timestamp":"2024-03-21T09:21:29.613+00:00","status":500,"error":"Internal Server Error","path":"/auth/back/registration"}"
	at org.springframework.web.client.HttpServerErrorException.create(HttpServerErrorException.java:102)
	at org.springframework.web.client.DefaultResponseErrorHandler.handleError(DefaultResponseErrorHandler.java:186)
	at org.springframework.web.client.DefaultResponseErrorHandler.handleError(DefaultResponseErrorHandler.java:137)
	at org.springframework.web.client.ResponseErrorHandler.handleError(ResponseErrorHandler.java:63)
	at org.springframework.web.client.RestTemplate.handleResponse(RestTemplate.java:942)
	at org.springframework.web.client.RestTemplate.doExecute(RestTemplate.java:891)
	at org.springframework.web.client.RestTemplate.execute(RestTemplate.java:790)
	at org.springframework.web.client.RestTemplate.postForEntity(RestTemplate.java:538)
	at fr.medilabo.microservice.patient.services.BackendServiceService.backendServiceRegistration(BackendServiceService.java:22)
	at java.base/jdk.internal.reflect.DirectMethodHandleAccessor.invoke(DirectMethodHandleAccessor.java:103)
	at java.base/java.lang.reflect.Method.invoke(Method.java:580)
	at org.springframework.beans.factory.annotation.InitDestroyAnnotationBeanPostProcessor$LifecycleMethod.invoke(InitDestroyAnnotationBeanPostProcessor.java:457)
	at org.springframework.beans.factory.annotation.InitDestroyAnnotationBeanPostProcessor$LifecycleMetadata.invokeInitMethods(InitDestroyAnnotationBeanPostProcessor.java:401)
	at org.springframework.beans.factory.annotation.InitDestroyAnnotationBeanPostProcessor.postProcessBeforeInitialization(InitDestroyAnnotationBeanPostProcessor.java:219)
	... 18 common frames omitted
10:21:58.888 442  INFO  f.m.m.patient.Application - Starting Application using Java 21.0.1 with PID 368114 (/home/alexandrekerestes/Documents/MediLabo_Projet_9_Final/microservice.patient/target/classes started by alexandrekerestes in /home/alexandrekerestes/Documents/MediLabo_Projet_9_Final/microservice.patient)
10:21:58.889 443  INFO  f.m.m.patient.Application - No active profile set, falling back to 1 default profile: "default"
10:22:00.249 1803 WARN  org.hibernate.orm.deprecation - HHH90000025: MySQL8Dialect does not need to be specified explicitly using 'hibernate.dialect' (remove the property setting and it will be selected by default)
10:22:00.251 1805 WARN  org.hibernate.orm.deprecation - HHH90000026: MySQL8Dialect has been deprecated; use org.hibernate.dialect.MySQLDialect instead
10:22:01.205 2759 WARN  o.s.b.w.s.c.AnnotationConfigServletWebServerApplicationContext - Exception encountered during context initialization - cancelling refresh attempt: org.springframework.beans.factory.BeanCreationException: Error creating bean with name 'backendServiceService': Invocation of init method failed
10:22:01.228 2782 ERROR o.s.boot.SpringApplication - Application run failed
org.springframework.beans.factory.BeanCreationException: Error creating bean with name 'backendServiceService': Invocation of init method failed
	at org.springframework.beans.factory.annotation.InitDestroyAnnotationBeanPostProcessor.postProcessBeforeInitialization(InitDestroyAnnotationBeanPostProcessor.java:222)
	at org.springframework.beans.factory.support.AbstractAutowireCapableBeanFactory.applyBeanPostProcessorsBeforeInitialization(AbstractAutowireCapableBeanFactory.java:422)
	at org.springframework.beans.factory.support.AbstractAutowireCapableBeanFactory.initializeBean(AbstractAutowireCapableBeanFactory.java:1778)
	at org.springframework.beans.factory.support.AbstractAutowireCapableBeanFactory.doCreateBean(AbstractAutowireCapableBeanFactory.java:600)
	at org.springframework.beans.factory.support.AbstractAutowireCapableBeanFactory.createBean(AbstractAutowireCapableBeanFactory.java:522)
	at org.springframework.beans.factory.support.AbstractBeanFactory.lambda$doGetBean$0(AbstractBeanFactory.java:325)
	at org.springframework.beans.factory.support.DefaultSingletonBeanRegistry.getSingleton(DefaultSingletonBeanRegistry.java:234)
	at org.springframework.beans.factory.support.AbstractBeanFactory.doGetBean(AbstractBeanFactory.java:323)
	at org.springframework.beans.factory.support.AbstractBeanFactory.getBean(AbstractBeanFactory.java:199)
	at org.springframework.beans.factory.support.DefaultListableBeanFactory.preInstantiateSingletons(DefaultListableBeanFactory.java:975)
	at org.springframework.context.support.AbstractApplicationContext.finishBeanFactoryInitialization(AbstractApplicationContext.java:959)
	at org.springframework.context.support.AbstractApplicationContext.refresh(AbstractApplicationContext.java:624)
	at org.springframework.boot.web.servlet.context.ServletWebServerApplicationContext.refresh(ServletWebServerApplicationContext.java:146)
	at org.springframework.boot.SpringApplication.refresh(SpringApplication.java:754)
	at org.springframework.boot.SpringApplication.refreshContext(SpringApplication.java:456)
	at org.springframework.boot.SpringApplication.run(SpringApplication.java:334)
	at org.springframework.boot.SpringApplication.run(SpringApplication.java:1354)
	at org.springframework.boot.SpringApplication.run(SpringApplication.java:1343)
	at fr.medilabo.microservice.patient.Application.main(Application.java:10)
Caused by: org.springframework.web.client.HttpServerErrorException$InternalServerError: 500 : "{"timestamp":"2024-03-21T09:22:01.199+00:00","status":500,"error":"Internal Server Error","path":"/auth/back/registration"}"
	at org.springframework.web.client.HttpServerErrorException.create(HttpServerErrorException.java:102)
	at org.springframework.web.client.DefaultResponseErrorHandler.handleError(DefaultResponseErrorHandler.java:186)
	at org.springframework.web.client.DefaultResponseErrorHandler.handleError(DefaultResponseErrorHandler.java:137)
	at org.springframework.web.client.ResponseErrorHandler.handleError(ResponseErrorHandler.java:63)
	at org.springframework.web.client.RestTemplate.handleResponse(RestTemplate.java:942)
	at org.springframework.web.client.RestTemplate.doExecute(RestTemplate.java:891)
	at org.springframework.web.client.RestTemplate.execute(RestTemplate.java:790)
	at org.springframework.web.client.RestTemplate.postForEntity(RestTemplate.java:538)
	at fr.medilabo.microservice.patient.services.BackendServiceService.backendServiceRegistration(BackendServiceService.java:23)
	at java.base/jdk.internal.reflect.DirectMethodHandleAccessor.invoke(DirectMethodHandleAccessor.java:103)
	at java.base/java.lang.reflect.Method.invoke(Method.java:580)
	at org.springframework.beans.factory.annotation.InitDestroyAnnotationBeanPostProcessor$LifecycleMethod.invoke(InitDestroyAnnotationBeanPostProcessor.java:457)
	at org.springframework.beans.factory.annotation.InitDestroyAnnotationBeanPostProcessor$LifecycleMetadata.invokeInitMethods(InitDestroyAnnotationBeanPostProcessor.java:401)
	at org.springframework.beans.factory.annotation.InitDestroyAnnotationBeanPostProcessor.postProcessBeforeInitialization(InitDestroyAnnotationBeanPostProcessor.java:219)
	... 18 common frames omitted
10:23:11.272 476  INFO  f.m.m.patient.Application - Starting Application using Java 21.0.1 with PID 369159 (/home/alexandrekerestes/Documents/MediLabo_Projet_9_Final/microservice.patient/target/classes started by alexandrekerestes in /home/alexandrekerestes/Documents/MediLabo_Projet_9_Final/microservice.patient)
10:23:11.274 478  INFO  f.m.m.patient.Application - No active profile set, falling back to 1 default profile: "default"
10:23:12.688 1892 WARN  org.hibernate.orm.deprecation - HHH90000025: MySQL8Dialect does not need to be specified explicitly using 'hibernate.dialect' (remove the property setting and it will be selected by default)
10:23:12.689 1893 WARN  org.hibernate.orm.deprecation - HHH90000026: MySQL8Dialect has been deprecated; use org.hibernate.dialect.MySQLDialect instead
10:23:13.799 3003 WARN  o.s.b.w.s.c.AnnotationConfigServletWebServerApplicationContext - Exception encountered during context initialization - cancelling refresh attempt: org.springframework.beans.factory.BeanCreationException: Error creating bean with name 'backendServiceService': Invocation of init method failed
10:23:13.826 3030 ERROR o.s.boot.SpringApplication - Application run failed
org.springframework.beans.factory.BeanCreationException: Error creating bean with name 'backendServiceService': Invocation of init method failed
	at org.springframework.beans.factory.annotation.InitDestroyAnnotationBeanPostProcessor.postProcessBeforeInitialization(InitDestroyAnnotationBeanPostProcessor.java:222)
	at org.springframework.beans.factory.support.AbstractAutowireCapableBeanFactory.applyBeanPostProcessorsBeforeInitialization(AbstractAutowireCapableBeanFactory.java:422)
	at org.springframework.beans.factory.support.AbstractAutowireCapableBeanFactory.initializeBean(AbstractAutowireCapableBeanFactory.java:1778)
	at org.springframework.beans.factory.support.AbstractAutowireCapableBeanFactory.doCreateBean(AbstractAutowireCapableBeanFactory.java:600)
	at org.springframework.beans.factory.support.AbstractAutowireCapableBeanFactory.createBean(AbstractAutowireCapableBeanFactory.java:522)
	at org.springframework.beans.factory.support.AbstractBeanFactory.lambda$doGetBean$0(AbstractBeanFactory.java:325)
	at org.springframework.beans.factory.support.DefaultSingletonBeanRegistry.getSingleton(DefaultSingletonBeanRegistry.java:234)
	at org.springframework.beans.factory.support.AbstractBeanFactory.doGetBean(AbstractBeanFactory.java:323)
	at org.springframework.beans.factory.support.AbstractBeanFactory.getBean(AbstractBeanFactory.java:199)
	at org.springframework.beans.factory.support.DefaultListableBeanFactory.preInstantiateSingletons(DefaultListableBeanFactory.java:975)
	at org.springframework.context.support.AbstractApplicationContext.finishBeanFactoryInitialization(AbstractApplicationContext.java:959)
	at org.springframework.context.support.AbstractApplicationContext.refresh(AbstractApplicationContext.java:624)
	at org.springframework.boot.web.servlet.context.ServletWebServerApplicationContext.refresh(ServletWebServerApplicationContext.java:146)
	at org.springframework.boot.SpringApplication.refresh(SpringApplication.java:754)
	at org.springframework.boot.SpringApplication.refreshContext(SpringApplication.java:456)
	at org.springframework.boot.SpringApplication.run(SpringApplication.java:334)
	at org.springframework.boot.SpringApplication.run(SpringApplication.java:1354)
	at org.springframework.boot.SpringApplication.run(SpringApplication.java:1343)
	at fr.medilabo.microservice.patient.Application.main(Application.java:10)
Caused by: org.springframework.web.client.HttpServerErrorException$InternalServerError: 500 : "{"timestamp":"2024-03-21T09:23:13.780+00:00","status":500,"error":"Internal Server Error","path":"/auth/back/registration"}"
	at org.springframework.web.client.HttpServerErrorException.create(HttpServerErrorException.java:102)
	at org.springframework.web.client.DefaultResponseErrorHandler.handleError(DefaultResponseErrorHandler.java:186)
	at org.springframework.web.client.DefaultResponseErrorHandler.handleError(DefaultResponseErrorHandler.java:137)
	at org.springframework.web.client.ResponseErrorHandler.handleError(ResponseErrorHandler.java:63)
	at org.springframework.web.client.RestTemplate.handleResponse(RestTemplate.java:942)
	at org.springframework.web.client.RestTemplate.doExecute(RestTemplate.java:891)
	at org.springframework.web.client.RestTemplate.execute(RestTemplate.java:790)
	at org.springframework.web.client.RestTemplate.postForEntity(RestTemplate.java:538)
	at fr.medilabo.microservice.patient.services.BackendServiceService.backendServiceRegistration(BackendServiceService.java:23)
	at java.base/jdk.internal.reflect.DirectMethodHandleAccessor.invoke(DirectMethodHandleAccessor.java:103)
	at java.base/java.lang.reflect.Method.invoke(Method.java:580)
	at org.springframework.beans.factory.annotation.InitDestroyAnnotationBeanPostProcessor$LifecycleMethod.invoke(InitDestroyAnnotationBeanPostProcessor.java:457)
	at org.springframework.beans.factory.annotation.InitDestroyAnnotationBeanPostProcessor$LifecycleMetadata.invokeInitMethods(InitDestroyAnnotationBeanPostProcessor.java:401)
	at org.springframework.beans.factory.annotation.InitDestroyAnnotationBeanPostProcessor.postProcessBeforeInitialization(InitDestroyAnnotationBeanPostProcessor.java:219)
	... 18 common frames omitted
10:26:13.715 490  INFO  f.m.m.patient.Application - Starting Application using Java 21.0.1 with PID 371825 (/home/alexandrekerestes/Documents/MediLabo_Projet_9_Final/microservice.patient/target/classes started by alexandrekerestes in /home/alexandrekerestes/Documents/MediLabo_Projet_9_Final/microservice.patient)
10:26:13.717 492  INFO  f.m.m.patient.Application - No active profile set, falling back to 1 default profile: "default"
10:26:15.110 1885 WARN  org.hibernate.orm.deprecation - HHH90000025: MySQL8Dialect does not need to be specified explicitly using 'hibernate.dialect' (remove the property setting and it will be selected by default)
10:26:15.112 1887 WARN  org.hibernate.orm.deprecation - HHH90000026: MySQL8Dialect has been deprecated; use org.hibernate.dialect.MySQLDialect instead
10:26:16.212 2987 WARN  o.s.b.w.s.c.AnnotationConfigServletWebServerApplicationContext - Exception encountered during context initialization - cancelling refresh attempt: org.springframework.beans.factory.BeanCreationException: Error creating bean with name 'backendServiceService': Invocation of init method failed
10:26:16.242 3017 ERROR o.s.boot.SpringApplication - Application run failed
org.springframework.beans.factory.BeanCreationException: Error creating bean with name 'backendServiceService': Invocation of init method failed
	at org.springframework.beans.factory.annotation.InitDestroyAnnotationBeanPostProcessor.postProcessBeforeInitialization(InitDestroyAnnotationBeanPostProcessor.java:222)
	at org.springframework.beans.factory.support.AbstractAutowireCapableBeanFactory.applyBeanPostProcessorsBeforeInitialization(AbstractAutowireCapableBeanFactory.java:422)
	at org.springframework.beans.factory.support.AbstractAutowireCapableBeanFactory.initializeBean(AbstractAutowireCapableBeanFactory.java:1778)
	at org.springframework.beans.factory.support.AbstractAutowireCapableBeanFactory.doCreateBean(AbstractAutowireCapableBeanFactory.java:600)
	at org.springframework.beans.factory.support.AbstractAutowireCapableBeanFactory.createBean(AbstractAutowireCapableBeanFactory.java:522)
	at org.springframework.beans.factory.support.AbstractBeanFactory.lambda$doGetBean$0(AbstractBeanFactory.java:325)
	at org.springframework.beans.factory.support.DefaultSingletonBeanRegistry.getSingleton(DefaultSingletonBeanRegistry.java:234)
	at org.springframework.beans.factory.support.AbstractBeanFactory.doGetBean(AbstractBeanFactory.java:323)
	at org.springframework.beans.factory.support.AbstractBeanFactory.getBean(AbstractBeanFactory.java:199)
	at org.springframework.beans.factory.support.DefaultListableBeanFactory.preInstantiateSingletons(DefaultListableBeanFactory.java:975)
	at org.springframework.context.support.AbstractApplicationContext.finishBeanFactoryInitialization(AbstractApplicationContext.java:959)
	at org.springframework.context.support.AbstractApplicationContext.refresh(AbstractApplicationContext.java:624)
	at org.springframework.boot.web.servlet.context.ServletWebServerApplicationContext.refresh(ServletWebServerApplicationContext.java:146)
	at org.springframework.boot.SpringApplication.refresh(SpringApplication.java:754)
	at org.springframework.boot.SpringApplication.refreshContext(SpringApplication.java:456)
	at org.springframework.boot.SpringApplication.run(SpringApplication.java:334)
	at org.springframework.boot.SpringApplication.run(SpringApplication.java:1354)
	at org.springframework.boot.SpringApplication.run(SpringApplication.java:1343)
	at fr.medilabo.microservice.patient.Application.main(Application.java:10)
Caused by: org.springframework.web.client.HttpServerErrorException$InternalServerError: 500 : "{"timestamp":"2024-03-21T09:26:16.193+00:00","status":500,"error":"Internal Server Error","path":"/auth/back/registration"}"
	at org.springframework.web.client.HttpServerErrorException.create(HttpServerErrorException.java:102)
	at org.springframework.web.client.DefaultResponseErrorHandler.handleError(DefaultResponseErrorHandler.java:186)
	at org.springframework.web.client.DefaultResponseErrorHandler.handleError(DefaultResponseErrorHandler.java:137)
	at org.springframework.web.client.ResponseErrorHandler.handleError(ResponseErrorHandler.java:63)
	at org.springframework.web.client.RestTemplate.handleResponse(RestTemplate.java:942)
	at org.springframework.web.client.RestTemplate.doExecute(RestTemplate.java:891)
	at org.springframework.web.client.RestTemplate.execute(RestTemplate.java:790)
	at org.springframework.web.client.RestTemplate.postForEntity(RestTemplate.java:538)
	at fr.medilabo.microservice.patient.services.BackendServiceService.backendServiceRegistration(BackendServiceService.java:23)
	at java.base/jdk.internal.reflect.DirectMethodHandleAccessor.invoke(DirectMethodHandleAccessor.java:103)
	at java.base/java.lang.reflect.Method.invoke(Method.java:580)
	at org.springframework.beans.factory.annotation.InitDestroyAnnotationBeanPostProcessor$LifecycleMethod.invoke(InitDestroyAnnotationBeanPostProcessor.java:457)
	at org.springframework.beans.factory.annotation.InitDestroyAnnotationBeanPostProcessor$LifecycleMetadata.invokeInitMethods(InitDestroyAnnotationBeanPostProcessor.java:401)
	at org.springframework.beans.factory.annotation.InitDestroyAnnotationBeanPostProcessor.postProcessBeforeInitialization(InitDestroyAnnotationBeanPostProcessor.java:219)
	... 18 common frames omitted
10:27:43.471 445  INFO  f.m.m.patient.Application - Starting Application using Java 21.0.1 with PID 373065 (/home/alexandrekerestes/Documents/MediLabo_Projet_9_Final/microservice.patient/target/classes started by alexandrekerestes in /home/alexandrekerestes/Documents/MediLabo_Projet_9_Final/microservice.patient)
10:27:43.473 447  INFO  f.m.m.patient.Application - No active profile set, falling back to 1 default profile: "default"
10:27:44.872 1846 WARN  org.hibernate.orm.deprecation - HHH90000025: MySQL8Dialect does not need to be specified explicitly using 'hibernate.dialect' (remove the property setting and it will be selected by default)
10:27:44.873 1847 WARN  org.hibernate.orm.deprecation - HHH90000026: MySQL8Dialect has been deprecated; use org.hibernate.dialect.MySQLDialect instead
10:27:46.028 3002 WARN  o.s.b.a.o.j.JpaBaseConfiguration$JpaWebConfiguration - spring.jpa.open-in-view is enabled by default. Therefore, database queries may be performed during view rendering. Explicitly configure spring.jpa.open-in-view to disable this warning
10:27:46.221 3195 INFO  f.m.m.patient.Application - Started Application in 2.959 seconds (process running for 3.302)
10:28:14.594 498  INFO  f.m.m.patient.Application - Starting Application using Java 21.0.1 with PID 373628 (/home/alexandrekerestes/Documents/MediLabo_Projet_9_Final/microservice.patient/target/classes started by alexandrekerestes in /home/alexandrekerestes/Documents/MediLabo_Projet_9_Final/microservice.patient)
10:28:14.595 499  INFO  f.m.m.patient.Application - No active profile set, falling back to 1 default profile: "default"
10:28:15.926 1830 WARN  org.hibernate.orm.deprecation - HHH90000025: MySQL8Dialect does not need to be specified explicitly using 'hibernate.dialect' (remove the property setting and it will be selected by default)
10:28:15.928 1832 WARN  org.hibernate.orm.deprecation - HHH90000026: MySQL8Dialect has been deprecated; use org.hibernate.dialect.MySQLDialect instead
10:28:16.938 2842 WARN  o.s.b.a.o.j.JpaBaseConfiguration$JpaWebConfiguration - spring.jpa.open-in-view is enabled by default. Therefore, database queries may be performed during view rendering. Explicitly configure spring.jpa.open-in-view to disable this warning
10:28:17.133 3037 INFO  f.m.m.patient.Application - Started Application in 2.77 seconds (process running for 3.137)
13:43:42.607 463  INFO  f.m.m.patient.Application - Starting Application using Java 21.0.1 with PID 12237 (/home/alexandrekerestes/Documents/MediLabo_Projet_9_Final/microservice.patient/target/classes started by alexandrekerestes in /home/alexandrekerestes/Documents/MediLabo_Projet_9_Final/microservice.patient)
13:43:42.614 470  INFO  f.m.m.patient.Application - No active profile set, falling back to 1 default profile: "default"
13:43:44.265 2121 WARN  org.hibernate.orm.deprecation - HHH90000025: MySQL8Dialect does not need to be specified explicitly using 'hibernate.dialect' (remove the property setting and it will be selected by default)
13:43:44.267 2123 WARN  org.hibernate.orm.deprecation - HHH90000026: MySQL8Dialect has been deprecated; use org.hibernate.dialect.MySQLDialect instead
13:43:45.151 3007 WARN  o.s.b.a.o.j.JpaBaseConfiguration$JpaWebConfiguration - spring.jpa.open-in-view is enabled by default. Therefore, database queries may be performed during view rendering. Explicitly configure spring.jpa.open-in-view to disable this warning
13:43:45.337 3193 INFO  f.m.m.patient.Application - Started Application in 2.934 seconds (process running for 3.305)
14:00:43.908 452  INFO  f.m.m.patient.Application - Starting Application using Java 21.0.1 with PID 17034 (/home/alexandrekerestes/Documents/MediLabo_Projet_9_Final/microservice.patient/target/classes started by alexandrekerestes in /home/alexandrekerestes/Documents/MediLabo_Projet_9_Final/microservice.patient)
14:00:43.910 454  INFO  f.m.m.patient.Application - No active profile set, falling back to 1 default profile: "default"
14:00:44.748 1292 INFO  f.m.m.p.s.BackendServiceService - BackendService initialization
14:00:45.374 1918 WARN  org.hibernate.orm.deprecation - HHH90000025: MySQL8Dialect does not need to be specified explicitly using 'hibernate.dialect' (remove the property setting and it will be selected by default)
14:00:45.376 1920 WARN  org.hibernate.orm.deprecation - HHH90000026: MySQL8Dialect has been deprecated; use org.hibernate.dialect.MySQLDialect instead
14:00:46.279 2823 WARN  o.s.b.a.o.j.JpaBaseConfiguration$JpaWebConfiguration - spring.jpa.open-in-view is enabled by default. Therefore, database queries may be performed during view rendering. Explicitly configure spring.jpa.open-in-view to disable this warning
14:00:46.482 3026 INFO  f.m.m.patient.Application - Started Application in 2.786 seconds (process running for 3.127)
14:50:12.831 2969375 INFO  f.m.m.p.filtres.AuthBackendFiltre - Call AuthBackendFiltre
14:50:12.832 2969376 INFO  f.m.m.p.filtres.AuthBackendFiltre - Call AuthBackendFiltre - from Gateway
14:50:12.832 2969376 INFO  f.m.m.p.s.BackendServiceService - Call findBackendServiceByName - BackendService Service
14:50:12.846 2969390 INFO  f.m.m.p.filtres.AuthBackendFiltre - Name and RegNumber not registered but check
14:50:12.862 2969406 INFO  f.m.m.p.c.PatientController - Call getAll - ip (127.0.0.1) - token (Bearer Bearer eyJhbGciOiJIUzI1NiIsInR5cCI6IkpXVCJ9.eyJpc3MiOiJNZWRpX0xhYm9fQXBwbGkiLCJpYXQiOjE3MTEwMjkwMTIsImV4cCI6MTcxMTA0MzQxMiwic3ViIjoidGVzdEBtYWlsLmNvbSIsIlJvbGUiOiJPUkdBTklTQVRFVVIifQ.kuLw4iCIbvHV5FWaepfcj-uMOFBN0qyIjjmD2xesGMs)
14:50:12.862 2969406 INFO  f.m.m.p.services.AdresseService - Call findAll - Patient Service
14:50:12.961 2969505 ERROR o.a.c.c.C.[.[.[.[dispatcherServlet] - Servlet.service() for servlet [dispatcherServlet] in context with path [] threw exception
java.lang.IllegalStateException: Cannot call sendError() after the response has been committed
	at org.apache.catalina.connector.ResponseFacade.checkCommitted(ResponseFacade.java:485)
	at org.apache.catalina.connector.ResponseFacade.sendError(ResponseFacade.java:337)
	at fr.medilabo.microservice.patient.filtres.AuthBackendFiltre.doFilter(AuthBackendFiltre.java:54)
	at org.apache.catalina.core.ApplicationFilterChain.internalDoFilter(ApplicationFilterChain.java:174)
	at org.apache.catalina.core.ApplicationFilterChain.doFilter(ApplicationFilterChain.java:149)
	at org.springframework.web.filter.RequestContextFilter.doFilterInternal(RequestContextFilter.java:100)
	at org.springframework.web.filter.OncePerRequestFilter.doFilter(OncePerRequestFilter.java:116)
	at org.apache.catalina.core.ApplicationFilterChain.internalDoFilter(ApplicationFilterChain.java:174)
	at org.apache.catalina.core.ApplicationFilterChain.doFilter(ApplicationFilterChain.java:149)
	at org.springframework.web.filter.FormContentFilter.doFilterInternal(FormContentFilter.java:93)
	at org.springframework.web.filter.OncePerRequestFilter.doFilter(OncePerRequestFilter.java:116)
	at org.apache.catalina.core.ApplicationFilterChain.internalDoFilter(ApplicationFilterChain.java:174)
	at org.apache.catalina.core.ApplicationFilterChain.doFilter(ApplicationFilterChain.java:149)
	at org.springframework.web.filter.CharacterEncodingFilter.doFilterInternal(CharacterEncodingFilter.java:201)
	at org.springframework.web.filter.OncePerRequestFilter.doFilter(OncePerRequestFilter.java:116)
	at org.apache.catalina.core.ApplicationFilterChain.internalDoFilter(ApplicationFilterChain.java:174)
	at org.apache.catalina.core.ApplicationFilterChain.doFilter(ApplicationFilterChain.java:149)
	at org.apache.catalina.core.StandardWrapperValve.invoke(StandardWrapperValve.java:167)
	at org.apache.catalina.core.StandardContextValve.invoke(StandardContextValve.java:90)
	at org.apache.catalina.authenticator.AuthenticatorBase.invoke(AuthenticatorBase.java:482)
	at org.apache.catalina.core.StandardHostValve.invoke(StandardHostValve.java:115)
	at org.apache.catalina.valves.ErrorReportValve.invoke(ErrorReportValve.java:93)
	at org.apache.catalina.core.StandardEngineValve.invoke(StandardEngineValve.java:74)
	at org.apache.catalina.connector.CoyoteAdapter.service(CoyoteAdapter.java:344)
	at org.apache.coyote.http11.Http11Processor.service(Http11Processor.java:391)
	at org.apache.coyote.AbstractProcessorLight.process(AbstractProcessorLight.java:63)
	at org.apache.coyote.AbstractProtocol$ConnectionHandler.process(AbstractProtocol.java:896)
	at org.apache.tomcat.util.net.NioEndpoint$SocketProcessor.doRun(NioEndpoint.java:1744)
	at org.apache.tomcat.util.net.SocketProcessorBase.run(SocketProcessorBase.java:52)
	at org.apache.tomcat.util.threads.ThreadPoolExecutor.runWorker(ThreadPoolExecutor.java:1191)
	at org.apache.tomcat.util.threads.ThreadPoolExecutor$Worker.run(ThreadPoolExecutor.java:659)
	at org.apache.tomcat.util.threads.TaskThread$WrappingRunnable.run(TaskThread.java:63)
	at java.base/java.lang.Thread.run(Thread.java:1583)
14:51:08.846 494  INFO  f.m.m.patient.Application - Starting Application using Java 21.0.1 with PID 40027 (/home/alexandrekerestes/Documents/MediLabo_Projet_9_Final/microservice.patient/target/classes started by alexandrekerestes in /home/alexandrekerestes/Documents/MediLabo_Projet_9_Final/microservice.patient)
14:51:08.848 496  INFO  f.m.m.patient.Application - No active profile set, falling back to 1 default profile: "default"
14:51:09.705 1353 INFO  f.m.m.p.s.BackendServiceService - BackendService initialization
14:51:10.330 1978 WARN  org.hibernate.orm.deprecation - HHH90000025: MySQL8Dialect does not need to be specified explicitly using 'hibernate.dialect' (remove the property setting and it will be selected by default)
14:51:10.331 1979 WARN  org.hibernate.orm.deprecation - HHH90000026: MySQL8Dialect has been deprecated; use org.hibernate.dialect.MySQLDialect instead
14:51:11.199 2847 WARN  o.s.b.a.o.j.JpaBaseConfiguration$JpaWebConfiguration - spring.jpa.open-in-view is enabled by default. Therefore, database queries may be performed during view rendering. Explicitly configure spring.jpa.open-in-view to disable this warning
14:51:11.384 3032 INFO  f.m.m.patient.Application - Started Application in 2.767 seconds (process running for 3.149)
14:51:31.353 451  INFO  f.m.m.patient.Application - Starting Application using Java 21.0.1 with PID 40591 (/home/alexandrekerestes/Documents/MediLabo_Projet_9_Final/microservice.patient/target/classes started by alexandrekerestes in /home/alexandrekerestes/Documents/MediLabo_Projet_9_Final/microservice.patient)
14:51:31.354 452  INFO  f.m.m.patient.Application - No active profile set, falling back to 1 default profile: "default"
14:51:32.142 1240 INFO  f.m.m.p.s.BackendServiceService - BackendService initialization
14:51:32.756 1854 WARN  org.hibernate.orm.deprecation - HHH90000025: MySQL8Dialect does not need to be specified explicitly using 'hibernate.dialect' (remove the property setting and it will be selected by default)
14:51:32.757 1855 WARN  org.hibernate.orm.deprecation - HHH90000026: MySQL8Dialect has been deprecated; use org.hibernate.dialect.MySQLDialect instead
14:51:33.629 2727 WARN  o.s.b.a.o.j.JpaBaseConfiguration$JpaWebConfiguration - spring.jpa.open-in-view is enabled by default. Therefore, database queries may be performed during view rendering. Explicitly configure spring.jpa.open-in-view to disable this warning
14:51:33.815 2913 INFO  f.m.m.patient.Application - Started Application in 2.675 seconds (process running for 3.027)
14:51:38.220 7318 INFO  f.m.m.p.filtres.AuthBackendFiltre - Call AuthBackendFiltre
14:51:38.220 7318 INFO  f.m.m.p.filtres.AuthBackendFiltre - Call AuthBackendFiltre - from Gateway
14:51:38.220 7318 INFO  f.m.m.p.s.BackendServiceService - Call findBackendServiceByName - BackendService Service
14:51:38.238 7336 INFO  f.m.m.p.filtres.AuthBackendFiltre - Name and RegNumber not registered but check
14:51:38.260 7358 INFO  f.m.m.p.c.PatientController - Call getAll - ip (127.0.0.1) - token (Bearer Bearer eyJhbGciOiJIUzI1NiIsInR5cCI6IkpXVCJ9.eyJpc3MiOiJNZWRpX0xhYm9fQXBwbGkiLCJpYXQiOjE3MTEwMjkwMTIsImV4cCI6MTcxMTA0MzQxMiwic3ViIjoidGVzdEBtYWlsLmNvbSIsIlJvbGUiOiJPUkdBTklTQVRFVVIifQ.kuLw4iCIbvHV5FWaepfcj-uMOFBN0qyIjjmD2xesGMs)
14:51:38.261 7359 INFO  f.m.m.p.services.AdresseService - Call findAll - Patient Service
14:53:07.858 471  INFO  f.m.m.patient.Application - Starting Application using Java 21.0.1 with PID 41899 (/home/alexandrekerestes/Documents/MediLabo_Projet_9_Final/microservice.patient/target/classes started by alexandrekerestes in /home/alexandrekerestes/Documents/MediLabo_Projet_9_Final/microservice.patient)
14:53:07.860 473  INFO  f.m.m.patient.Application - No active profile set, falling back to 1 default profile: "default"
14:53:08.678 1291 INFO  f.m.m.p.s.BackendServiceService - BackendService initialization
14:53:09.298 1911 WARN  org.hibernate.orm.deprecation - HHH90000025: MySQL8Dialect does not need to be specified explicitly using 'hibernate.dialect' (remove the property setting and it will be selected by default)
14:53:09.300 1913 WARN  org.hibernate.orm.deprecation - HHH90000026: MySQL8Dialect has been deprecated; use org.hibernate.dialect.MySQLDialect instead
14:53:10.202 2815 WARN  o.s.b.a.o.j.JpaBaseConfiguration$JpaWebConfiguration - spring.jpa.open-in-view is enabled by default. Therefore, database queries may be performed during view rendering. Explicitly configure spring.jpa.open-in-view to disable this warning
14:53:10.458 3071 INFO  f.m.m.patient.Application - Started Application in 2.814 seconds (process running for 3.177)
14:53:42.739 35352 INFO  f.m.m.p.filtres.AuthBackendFiltre - Call AuthBackendFiltre
14:53:42.739 35352 INFO  f.m.m.p.filtres.AuthBackendFiltre - Call AuthBackendFiltre - from Note
14:53:42.740 35353 INFO  f.m.m.p.s.BackendServiceService - Call findBackendServiceByName - BackendService Service
14:53:42.749 35362 INFO  f.m.m.p.filtres.AuthBackendFiltre - Name and RegNumber not registered but check
14:53:42.767 35380 INFO  f.m.m.p.c.PatientController - Call getAll - ip (127.0.0.1) - token (null)
14:53:42.767 35380 INFO  f.m.m.p.services.AdresseService - Call findAll - Patient Service
14:53:42.889 35502 INFO  f.m.m.p.filtres.AuthBackendFiltre - Call AuthBackendFiltre
14:53:42.889 35502 INFO  f.m.m.p.filtres.AuthBackendFiltre - Call AuthBackendFiltre - from Note
14:53:42.889 35502 INFO  f.m.m.p.filtres.AuthBackendFiltre - Name and RegNumber registered and check
14:53:42.890 35503 INFO  f.m.m.p.c.PatientController - Call getAll - ip (127.0.0.1) - token (null)
14:53:42.890 35503 INFO  f.m.m.p.services.AdresseService - Call findAll - Patient Service
14:53:42.902 35515 INFO  f.m.m.p.s.BackendServiceService - Call findBackendServiceByName - BackendService Service
14:53:42.911 35524 INFO  f.m.m.p.filtres.AuthBackendFiltre - Name and RegNumber not registered but check
14:53:42.912 35525 INFO  f.m.m.p.c.PatientController - Call getAll - ip (127.0.0.1) - token (null)
14:53:42.912 35525 INFO  f.m.m.p.services.AdresseService - Call findAll - Patient Service
16:24:40.884 590  INFO  f.m.m.patient.Application - Starting Application using Java 21.0.1 with PID 35697 (/home/alexandrekerestes/Documents/MediLabo_Projet_9_Final/microservice.patient/target/classes started by alexandrekerestes in /home/alexandrekerestes/Documents/MediLabo_Projet_9_Final/microservice.patient)
16:24:40.885 591  INFO  f.m.m.patient.Application - No active profile set, falling back to 1 default profile: "default"
16:24:41.783 1489 INFO  f.m.m.p.s.BackendServiceService - BackendService initialization
16:24:41.844 1550 ERROR o.s.b.w.e.tomcat.TomcatStarter - Error starting Tomcat context. Exception: org.springframework.beans.factory.UnsatisfiedDependencyException. Message: Error creating bean with name 'authBackendFiltre': Unsatisfied dependency expressed through field 'backendService': Error creating bean with name 'getNativeBackendService' defined in class path resource [fr/medilabo/microservice/patient/context/BackendServiceContext.class]: Failed to instantiate [fr.medilabo.microservice.patient.models.BackendService]: Factory method 'getNativeBackendService' threw exception with message: I/O error on POST request for "http://localhost:8083/auth/back/registration": Connexion refuse
16:24:41.864 1570 WARN  o.s.b.w.s.c.AnnotationConfigServletWebServerApplicationContext - Exception encountered during context initialization - cancelling refresh attempt: org.springframework.context.ApplicationContextException: Unable to start web server
16:24:41.878 1584 ERROR o.s.boot.SpringApplication - Application run failed
org.springframework.context.ApplicationContextException: Unable to start web server
	at org.springframework.boot.web.servlet.context.ServletWebServerApplicationContext.onRefresh(ServletWebServerApplicationContext.java:165)
	at org.springframework.context.support.AbstractApplicationContext.refresh(AbstractApplicationContext.java:618)
	at org.springframework.boot.web.servlet.context.ServletWebServerApplicationContext.refresh(ServletWebServerApplicationContext.java:146)
	at org.springframework.boot.SpringApplication.refresh(SpringApplication.java:754)
	at org.springframework.boot.SpringApplication.refreshContext(SpringApplication.java:456)
	at org.springframework.boot.SpringApplication.run(SpringApplication.java:334)
	at org.springframework.boot.SpringApplication.run(SpringApplication.java:1354)
	at org.springframework.boot.SpringApplication.run(SpringApplication.java:1343)
	at fr.medilabo.microservice.patient.Application.main(Application.java:10)
Caused by: org.springframework.boot.web.server.WebServerException: Unable to start embedded Tomcat
	at org.springframework.boot.web.embedded.tomcat.TomcatWebServer.initialize(TomcatWebServer.java:145)
	at org.springframework.boot.web.embedded.tomcat.TomcatWebServer.<init>(TomcatWebServer.java:105)
	at org.springframework.boot.web.embedded.tomcat.TomcatServletWebServerFactory.getTomcatWebServer(TomcatServletWebServerFactory.java:499)
	at org.springframework.boot.web.embedded.tomcat.TomcatServletWebServerFactory.getWebServer(TomcatServletWebServerFactory.java:218)
	at org.springframework.boot.web.servlet.context.ServletWebServerApplicationContext.createWebServer(ServletWebServerApplicationContext.java:188)
	at org.springframework.boot.web.servlet.context.ServletWebServerApplicationContext.onRefresh(ServletWebServerApplicationContext.java:162)
	... 8 common frames omitted
Caused by: org.springframework.beans.factory.UnsatisfiedDependencyException: Error creating bean with name 'authBackendFiltre': Unsatisfied dependency expressed through field 'backendService': Error creating bean with name 'getNativeBackendService' defined in class path resource [fr/medilabo/microservice/patient/context/BackendServiceContext.class]: Failed to instantiate [fr.medilabo.microservice.patient.models.BackendService]: Factory method 'getNativeBackendService' threw exception with message: I/O error on POST request for "http://localhost:8083/auth/back/registration": Connexion refuse
	at org.springframework.beans.factory.annotation.AutowiredAnnotationBeanPostProcessor$AutowiredFieldElement.resolveFieldValue(AutowiredAnnotationBeanPostProcessor.java:787)
	at org.springframework.beans.factory.annotation.AutowiredAnnotationBeanPostProcessor$AutowiredFieldElement.inject(AutowiredAnnotationBeanPostProcessor.java:767)
	at org.springframework.beans.factory.annotation.InjectionMetadata.inject(InjectionMetadata.java:145)
	at org.springframework.beans.factory.annotation.AutowiredAnnotationBeanPostProcessor.postProcessProperties(AutowiredAnnotationBeanPostProcessor.java:508)
	at org.springframework.beans.factory.support.AbstractAutowireCapableBeanFactory.populateBean(AbstractAutowireCapableBeanFactory.java:1419)
	at org.springframework.beans.factory.support.AbstractAutowireCapableBeanFactory.doCreateBean(AbstractAutowireCapableBeanFactory.java:599)
	at org.springframework.beans.factory.support.AbstractAutowireCapableBeanFactory.createBean(AbstractAutowireCapableBeanFactory.java:522)
	at org.springframework.beans.factory.support.AbstractBeanFactory.lambda$doGetBean$0(AbstractBeanFactory.java:325)
	at org.springframework.beans.factory.support.DefaultSingletonBeanRegistry.getSingleton(DefaultSingletonBeanRegistry.java:234)
	at org.springframework.beans.factory.support.AbstractBeanFactory.doGetBean(AbstractBeanFactory.java:323)
	at org.springframework.beans.factory.support.AbstractBeanFactory.getBean(AbstractBeanFactory.java:204)
	at org.springframework.boot.web.servlet.ServletContextInitializerBeans.getOrderedBeansOfType(ServletContextInitializerBeans.java:210)
	at org.springframework.boot.web.servlet.ServletContextInitializerBeans.addAsRegistrationBean(ServletContextInitializerBeans.java:173)
	at org.springframework.boot.web.servlet.ServletContextInitializerBeans.addAsRegistrationBean(ServletContextInitializerBeans.java:168)
	at org.springframework.boot.web.servlet.ServletContextInitializerBeans.addAdaptableBeans(ServletContextInitializerBeans.java:153)
	at org.springframework.boot.web.servlet.ServletContextInitializerBeans.<init>(ServletContextInitializerBeans.java:86)
	at org.springframework.boot.web.servlet.context.ServletWebServerApplicationContext.getServletContextInitializerBeans(ServletWebServerApplicationContext.java:266)
	at org.springframework.boot.web.servlet.context.ServletWebServerApplicationContext.selfInitialize(ServletWebServerApplicationContext.java:240)
	at org.springframework.boot.web.embedded.tomcat.TomcatStarter.onStartup(TomcatStarter.java:52)
	at org.apache.catalina.core.StandardContext.startInternal(StandardContext.java:4866)
	at org.apache.catalina.util.LifecycleBase.start(LifecycleBase.java:171)
	at org.apache.catalina.core.ContainerBase$StartChild.call(ContainerBase.java:1332)
	at org.apache.catalina.core.ContainerBase$StartChild.call(ContainerBase.java:1322)
	at java.base/java.util.concurrent.FutureTask.run(FutureTask.java:317)
	at org.apache.tomcat.util.threads.InlineExecutorService.execute(InlineExecutorService.java:75)
	at java.base/java.util.concurrent.AbstractExecutorService.submit(AbstractExecutorService.java:145)
	at org.apache.catalina.core.ContainerBase.startInternal(ContainerBase.java:866)
	at org.apache.catalina.core.StandardHost.startInternal(StandardHost.java:845)
	at org.apache.catalina.util.LifecycleBase.start(LifecycleBase.java:171)
	at org.apache.catalina.core.ContainerBase$StartChild.call(ContainerBase.java:1332)
	at org.apache.catalina.core.ContainerBase$StartChild.call(ContainerBase.java:1322)
	at java.base/java.util.concurrent.FutureTask.run(FutureTask.java:317)
	at org.apache.tomcat.util.threads.InlineExecutorService.execute(InlineExecutorService.java:75)
	at java.base/java.util.concurrent.AbstractExecutorService.submit(AbstractExecutorService.java:145)
	at org.apache.catalina.core.ContainerBase.startInternal(ContainerBase.java:866)
	at org.apache.catalina.core.StandardEngine.startInternal(StandardEngine.java:240)
	at org.apache.catalina.util.LifecycleBase.start(LifecycleBase.java:171)
	at org.apache.catalina.core.StandardService.startInternal(StandardService.java:433)
	at org.apache.catalina.util.LifecycleBase.start(LifecycleBase.java:171)
	at org.apache.catalina.core.StandardServer.startInternal(StandardServer.java:921)
	at org.apache.catalina.util.LifecycleBase.start(LifecycleBase.java:171)
	at org.apache.catalina.startup.Tomcat.start(Tomcat.java:437)
	at org.springframework.boot.web.embedded.tomcat.TomcatWebServer.initialize(TomcatWebServer.java:126)
	... 13 common frames omitted
Caused by: org.springframework.beans.factory.BeanCreationException: Error creating bean with name 'getNativeBackendService' defined in class path resource [fr/medilabo/microservice/patient/context/BackendServiceContext.class]: Failed to instantiate [fr.medilabo.microservice.patient.models.BackendService]: Factory method 'getNativeBackendService' threw exception with message: I/O error on POST request for "http://localhost:8083/auth/back/registration": Connexion refuse
	at org.springframework.beans.factory.support.ConstructorResolver.instantiate(ConstructorResolver.java:651)
	at org.springframework.beans.factory.support.ConstructorResolver.instantiateUsingFactoryMethod(ConstructorResolver.java:485)
	at org.springframework.beans.factory.support.AbstractAutowireCapableBeanFactory.instantiateUsingFactoryMethod(AbstractAutowireCapableBeanFactory.java:1335)
	at org.springframework.beans.factory.support.AbstractAutowireCapableBeanFactory.createBeanInstance(AbstractAutowireCapableBeanFactory.java:1165)
	at org.springframework.beans.factory.support.AbstractAutowireCapableBeanFactory.doCreateBean(AbstractAutowireCapableBeanFactory.java:562)
	at org.springframework.beans.factory.support.AbstractAutowireCapableBeanFactory.createBean(AbstractAutowireCapableBeanFactory.java:522)
	at org.springframework.beans.factory.support.AbstractBeanFactory.lambda$doGetBean$0(AbstractBeanFactory.java:325)
	at org.springframework.beans.factory.support.DefaultSingletonBeanRegistry.getSingleton(DefaultSingletonBeanRegistry.java:234)
	at org.springframework.beans.factory.support.AbstractBeanFactory.doGetBean(AbstractBeanFactory.java:323)
	at org.springframework.beans.factory.support.AbstractBeanFactory.getBean(AbstractBeanFactory.java:199)
	at org.springframework.beans.factory.config.DependencyDescriptor.resolveCandidate(DependencyDescriptor.java:254)
	at org.springframework.beans.factory.support.DefaultListableBeanFactory.doResolveDependency(DefaultListableBeanFactory.java:1443)
	at org.springframework.beans.factory.support.DefaultListableBeanFactory.resolveDependency(DefaultListableBeanFactory.java:1353)
	at org.springframework.beans.factory.annotation.AutowiredAnnotationBeanPostProcessor$AutowiredFieldElement.resolveFieldValue(AutowiredAnnotationBeanPostProcessor.java:784)
	... 55 common frames omitted
Caused by: org.springframework.beans.BeanInstantiationException: Failed to instantiate [fr.medilabo.microservice.patient.models.BackendService]: Factory method 'getNativeBackendService' threw exception with message: I/O error on POST request for "http://localhost:8083/auth/back/registration": Connexion refuse
	at org.springframework.beans.factory.support.SimpleInstantiationStrategy.instantiate(SimpleInstantiationStrategy.java:177)
	at org.springframework.beans.factory.support.ConstructorResolver.instantiate(ConstructorResolver.java:647)
	... 68 common frames omitted
Caused by: org.springframework.web.client.ResourceAccessException: I/O error on POST request for "http://localhost:8083/auth/back/registration": Connexion refuse
	at org.springframework.web.client.RestTemplate.createResourceAccessException(RestTemplate.java:915)
	at org.springframework.web.client.RestTemplate.doExecute(RestTemplate.java:895)
	at org.springframework.web.client.RestTemplate.execute(RestTemplate.java:790)
	at org.springframework.web.client.RestTemplate.postForEntity(RestTemplate.java:538)
	at fr.medilabo.microservice.patient.services.BackendServiceService.backendServiceRegistration(BackendServiceService.java:25)
	at fr.medilabo.microservice.patient.context.BackendServiceContext.getNativeBackendService(BackendServiceContext.java:31)
	at fr.medilabo.microservice.patient.context.BackendServiceContext$$SpringCGLIB$$0.CGLIB$getNativeBackendService$0(<generated>)
	at fr.medilabo.microservice.patient.context.BackendServiceContext$$SpringCGLIB$$FastClass$$1.invoke(<generated>)
	at org.springframework.cglib.proxy.MethodProxy.invokeSuper(MethodProxy.java:258)
	at org.springframework.context.annotation.ConfigurationClassEnhancer$BeanMethodInterceptor.intercept(ConfigurationClassEnhancer.java:331)
	at fr.medilabo.microservice.patient.context.BackendServiceContext$$SpringCGLIB$$0.getNativeBackendService(<generated>)
	at java.base/jdk.internal.reflect.DirectMethodHandleAccessor.invoke(DirectMethodHandleAccessor.java:103)
	at java.base/java.lang.reflect.Method.invoke(Method.java:580)
	at org.springframework.beans.factory.support.SimpleInstantiationStrategy.instantiate(SimpleInstantiationStrategy.java:140)
	... 69 common frames omitted
Caused by: java.net.ConnectException: Connexion refuse
	at java.base/sun.nio.ch.Net.connect0(Native Method)
	at java.base/sun.nio.ch.Net.connect(Net.java:589)
	at java.base/sun.nio.ch.Net.connect(Net.java:578)
	at java.base/sun.nio.ch.NioSocketImpl.connect(NioSocketImpl.java:583)
	at java.base/java.net.Socket.connect(Socket.java:751)
	at java.base/java.net.Socket.connect(Socket.java:686)
	at java.base/sun.net.NetworkClient.doConnect(NetworkClient.java:183)
	at java.base/sun.net.www.http.HttpClient.openServer(HttpClient.java:531)
	at java.base/sun.net.www.http.HttpClient.openServer(HttpClient.java:636)
	at java.base/sun.net.www.http.HttpClient.<init>(HttpClient.java:280)
	at java.base/sun.net.www.http.HttpClient.New(HttpClient.java:386)
	at java.base/sun.net.www.http.HttpClient.New(HttpClient.java:408)
	at java.base/sun.net.www.protocol.http.HttpURLConnection.getNewHttpClient(HttpURLConnection.java:1304)
	at java.base/sun.net.www.protocol.http.HttpURLConnection.plainConnect0(HttpURLConnection.java:1237)
	at java.base/sun.net.www.protocol.http.HttpURLConnection.plainConnect(HttpURLConnection.java:1123)
	at java.base/sun.net.www.protocol.http.HttpURLConnection.connect(HttpURLConnection.java:1052)
	at org.springframework.http.client.SimpleClientHttpRequest.executeInternal(SimpleClientHttpRequest.java:79)
	at org.springframework.http.client.AbstractStreamingClientHttpRequest.executeInternal(AbstractStreamingClientHttpRequest.java:70)
	at org.springframework.http.client.AbstractClientHttpRequest.execute(AbstractClientHttpRequest.java:66)
	at org.springframework.web.client.RestTemplate.doExecute(RestTemplate.java:889)
	... 81 common frames omitted
